
Start-Date: 2024-10-17  01:17:31
Commandline: apt-get install -y --no-install-recommends autoconf dpkg-dev file g++ gcc libc-dev make pkg-config re2c ca-certificates curl xz-utils
Install: libssh2-1:amd64 (1.10.0-3+b1, automatic), libperl5.36:amd64 (5.36.0-7+deb12u1, automatic), libkeyutils1:amd64 (1.6.3-2, automatic), libcurl4:amd64 (7.88.1-10+deb12u7, automatic), libgomp1:amd64 (12.2.0-14, automatic), libgdbm-compat4:amd64 (1.23-3, automatic), libgssapi-krb5-2:amd64 (1.20.1-2+deb12u2, automatic), g++-12:amd64 (12.2.0-14, automatic), libnghttp2-14:amd64 (1.52.0-1+deb12u1, automatic), gcc-12:amd64 (12.2.0-14, automatic), libctf-nobfd0:amd64 (2.40-2, automatic), libtsan2:amd64 (12.2.0-14, automatic), cpp:amd64 (4:12.2.0-3, automatic), g++:amd64 (4:12.2.0-3), gcc:amd64 (4:12.2.0-3), perl:amd64 (5.36.0-7+deb12u1, automatic), libtirpc-common:amd64 (1.3.3+ds-1, automatic), libmagic-mgc:amd64 (1:5.44-3, automatic), libsasl2-2:amd64 (2.1.28+dfsg-10, automatic), libbinutils:amd64 (2.40-2, automatic), patch:amd64 (2.7.6-7, automatic), libmagic1:amd64 (1:5.44-3, automatic), libjansson4:amd64 (2.14-2, automatic), librtmp1:amd64 (2.4+20151223.gitfa8646d.1-2+b2, automatic), binutils-x86-64-linux-gnu:amd64 (2.40-2, automatic), file:amd64 (1:5.44-3), bzip2:amd64 (1.0.8-5+b1, automatic), pkgconf:amd64 (1.8.1-1, automatic), libsasl2-modules-db:amd64 (2.1.28+dfsg-10, automatic), libmpfr6:amd64 (4.2.0-1, automatic), libcc1-0:amd64 (12.2.0-14, automatic), libkrb5support0:amd64 (1.20.1-2+deb12u2, automatic), libmpc3:amd64 (1.3.1-1, automatic), xz-utils:amd64 (5.4.1-0.2), libldap-2.5-0:amd64 (2.5.13+dfsg-5, automatic), re2c:amd64 (3.0-2), autoconf:amd64 (2.71-3), dpkg-dev:amd64 (1.21.22), libasan8:amd64 (12.2.0-14, automatic), libssl3:amd64 (3.0.14-1~deb12u2, automatic), libnsl-dev:amd64 (1.3.0-2, automatic), libkrb5-3:amd64 (1.20.1-2+deb12u2, automatic), rpcsvc-proto:amd64 (1.4.3-1, automatic), make:amd64 (4.3-4.1), libctf0:amd64 (2.40-2, automatic), libnsl2:amd64 (1.3.0-2, automatic), libk5crypto3:amd64 (1.20.1-2+deb12u2, automatic), libcrypt-dev:amd64 (1:4.4.33-2, automatic), pkg-config:amd64 (1.8.1-1), cpp-12:amd64 (12.2.0-14, automatic), binutils-common:amd64 (2.40-2, automatic), ca-certificates:amd64 (20230311), libitm1:amd64 (12.2.0-14, automatic), libdpkg-perl:amd64 (1.21.22, automatic), libc-dev-bin:amd64 (2.36-9+deb12u8, automatic), libbrotli1:amd64 (1.0.9-2+b6, automatic), libgprofng0:amd64 (2.40-2, automatic), libisl23:amd64 (0.25-1.1, automatic), libc6-dev:amd64 (2.36-9+deb12u8), pkgconf-bin:amd64 (1.8.1-1, automatic), m4:amd64 (1.4.19-3, automatic), libquadmath0:amd64 (12.2.0-14, automatic), curl:amd64 (7.88.1-10+deb12u7), libubsan1:amd64 (12.2.0-14, automatic), liblsan0:amd64 (12.2.0-14, automatic), libpkgconf3:amd64 (1.8.1-1, automatic), perl-modules-5.36:amd64 (5.36.0-7+deb12u1, automatic), libtirpc3:amd64 (1.3.3+ds-1, automatic), libtirpc-dev:amd64 (1.3.3+ds-1, automatic), libgdbm6:amd64 (1.23-3, automatic), binutils:amd64 (2.40-2, automatic), libpsl5:amd64 (0.21.2-1, automatic), libatomic1:amd64 (12.2.0-14, automatic), openssl:amd64 (3.0.14-1~deb12u2, automatic), libgcc-12-dev:amd64 (12.2.0-14, automatic), libstdc++-12-dev:amd64 (12.2.0-14, automatic), linux-libc-dev:amd64 (6.1.112-1, automatic)
End-Date: 2024-10-17  01:17:42

Start-Date: 2024-10-17  03:18:35
Commandline: apt-get install -y --no-install-recommends gnupg
Install: readline-common:amd64 (8.2-1.3, automatic), gpg:amd64 (2.2.40-1.1, automatic), gnupg:amd64 (2.2.40-1.1), gpg-wks-server:amd64 (2.2.40-1.1, automatic), gpg-agent:amd64 (2.2.40-1.1, automatic), libreadline8:amd64 (8.2-1.3, automatic), libassuan0:amd64 (2.5.5-5, automatic), libnpth0:amd64 (1.6-3, automatic), libsqlite3-0:amd64 (3.40.1-2, automatic), pinentry-curses:amd64 (1.2.1-1, automatic), gpgsm:amd64 (2.2.40-1.1, automatic), dirmngr:amd64 (2.2.40-1.1, automatic), libksba8:amd64 (1.6.3-2, automatic), gnupg-utils:amd64 (2.2.40-1.1, automatic), gnupg-l10n:amd64 (2.2.40-1.1, automatic), gpg-wks-client:amd64 (2.2.40-1.1, automatic), libncursesw6:amd64 (6.4-4, automatic), gpgconf:amd64 (2.2.40-1.1, automatic)
End-Date: 2024-10-17  03:18:37

Start-Date: 2024-10-17  03:18:40
Commandline: apt-get purge -y --auto-remove -o APT::AutoRemove::RecommendsImportant=false
Purge: readline-common:amd64 (8.2-1.3), gpg:amd64 (2.2.40-1.1), gnupg:amd64 (2.2.40-1.1), gpg-wks-server:amd64 (2.2.40-1.1), gpg-agent:amd64 (2.2.40-1.1), libreadline8:amd64 (8.2-1.3), libassuan0:amd64 (2.5.5-5), libnpth0:amd64 (1.6-3), libsqlite3-0:amd64 (3.40.1-2), pinentry-curses:amd64 (1.2.1-1), gpgsm:amd64 (2.2.40-1.1), dirmngr:amd64 (2.2.40-1.1), libksba8:amd64 (1.6.3-2), gnupg-utils:amd64 (2.2.40-1.1), gnupg-l10n:amd64 (2.2.40-1.1), gpg-wks-client:amd64 (2.2.40-1.1), libncursesw6:amd64 (6.4-4), gpgconf:amd64 (2.2.40-1.1)
End-Date: 2024-10-17  03:18:41

Start-Date: 2024-10-17  03:18:45
Commandline: apt-get install -y --no-install-recommends libargon2-dev libcurl4-openssl-dev libonig-dev libreadline-dev libsodium-dev libsqlite3-dev libssl-dev libxml2-dev zlib1g-dev
Install: libcurl4-openssl-dev:amd64 (7.88.1-10+deb12u7), readline-common:amd64 (8.2-1.3, automatic), libonig5:amd64 (6.9.8-1, automatic), libxml2-dev:amd64 (2.9.14+dfsg-1.3~deb12u1), libreadline-dev:amd64 (8.2-1.3), zlib1g-dev:amd64 (1:1.2.13.dfsg-1), libsodium-dev:amd64 (1.0.18-1), libxml2:amd64 (2.9.14+dfsg-1.3~deb12u1, automatic), libreadline8:amd64 (8.2-1.3, automatic), libsodium23:amd64 (1.0.18-1, automatic), libargon2-dev:amd64 (0~20171227-0.3+deb12u1), libsqlite3-dev:amd64 (3.40.1-2), libncurses-dev:amd64 (6.4-4, automatic), libonig-dev:amd64 (6.9.8-1), libssl-dev:amd64 (3.0.14-1~deb12u2), libsqlite3-0:amd64 (3.40.1-2, automatic), libicu-dev:amd64 (72.1-3, automatic), libargon2-1:amd64 (0~20171227-0.3+deb12u1, automatic), libncursesw6:amd64 (6.4-4, automatic), libicu72:amd64 (72.1-3, automatic), libncurses6:amd64 (6.4-4, automatic), icu-devtools:amd64 (72.1-3, automatic)
End-Date: 2024-10-17  03:18:48

Start-Date: 2024-10-17  03:22:12
Commandline: apt-get purge -y --auto-remove -o APT::AutoRemove::RecommendsImportant=false
Purge: libcurl4-openssl-dev:amd64 (7.88.1-10+deb12u7), libxml2-dev:amd64 (2.9.14+dfsg-1.3~deb12u1), libreadline-dev:amd64 (8.2-1.3), zlib1g-dev:amd64 (1:1.2.13.dfsg-1), libsodium-dev:amd64 (1.0.18-1), libargon2-dev:amd64 (0~20171227-0.3+deb12u1), libsqlite3-dev:amd64 (3.40.1-2), libncurses-dev:amd64 (6.4-4), libonig-dev:amd64 (6.9.8-1), libssl-dev:amd64 (3.0.14-1~deb12u2), libicu-dev:amd64 (72.1-3), libncursesw6:amd64 (6.4-4), libncurses6:amd64 (6.4-4), icu-devtools:amd64 (72.1-3)
End-Date: 2024-10-17  03:22:13

Start-Date: 2024-10-18  08:13:51
Commandline: apt-get install -y zip unzip
Install: zip:amd64 (3.0-13), unzip:amd64 (6.0-28)
End-Date: 2024-10-18  08:13:52

Start-Date: 2024-10-18  08:14:10
Commandline: apt-get install -y git
Install: libcurl3-gnutls:amd64 (7.88.1-10+deb12u7, automatic), openssh-client:amd64 (1:9.2p1-2+deb12u3, automatic), git:amd64 (1:2.39.5-0+deb12u1), libexpat1:amd64 (2.5.0-1+deb12u1, automatic), libxmuu1:amd64 (2:1.1.3-3, automatic), libfido2-1:amd64 (1.12.0-2+b1, automatic), libxau6:amd64 (1:1.0.9-1, automatic), libxcb1:amd64 (1.15-1, automatic), libbsd0:amd64 (0.11.7-2, automatic), less:amd64 (590-2.1~deb12u2, automatic), libx11-data:amd64 (2:1.8.4-2+deb12u2, automatic), xauth:amd64 (1:1.1.2-1, automatic), liberror-perl:amd64 (0.17029-2, automatic), libxext6:amd64 (2:1.3.4-1+b1, automatic), libcbor0.8:amd64 (0.8.0-2+b1, automatic), libx11-6:amd64 (2:1.8.4-2+deb12u2, automatic), git-man:amd64 (1:2.39.5-0+deb12u1, automatic), libedit2:amd64 (3.1-20221030-2, automatic), libxdmcp6:amd64 (1:1.1.2-3, automatic)
End-Date: 2024-10-18  08:14:13

Start-Date: 2024-10-18  08:32:03
Commandline: apt install nano
Install: libgpm2:amd64 (1.20.7-10+b1, automatic), nano:amd64 (7.2-1+deb12u1), libncursesw6:amd64 (6.4-4, automatic)
End-Date: 2024-10-18  08:32:04
