2024-10-17 01:17:31 startup archives unpack
2024-10-17 01:17:31 install perl-modules-5.36:all <none> 5.36.0-7+deb12u1
2024-10-17 01:17:31 status half-installed perl-modules-5.36:all 5.36.0-7+deb12u1
2024-10-17 01:17:31 status unpacked perl-modules-5.36:all 5.36.0-7+deb12u1
2024-10-17 01:17:31 install libgdbm6:amd64 <none> 1.23-3
2024-10-17 01:17:31 status triggers-pending libc-bin:amd64 2.36-9+deb12u8
2024-10-17 01:17:31 status half-installed libgdbm6:amd64 1.23-3
2024-10-17 01:17:31 status unpacked libgdbm6:amd64 1.23-3
2024-10-17 01:17:31 install libgdbm-compat4:amd64 <none> 1.23-3
2024-10-17 01:17:31 status half-installed libgdbm-compat4:amd64 1.23-3
2024-10-17 01:17:31 status unpacked libgdbm-compat4:amd64 1.23-3
2024-10-17 01:17:31 install libperl5.36:amd64 <none> 5.36.0-7+deb12u1
2024-10-17 01:17:31 status half-installed libperl5.36:amd64 5.36.0-7+deb12u1
2024-10-17 01:17:32 status unpacked libperl5.36:amd64 5.36.0-7+deb12u1
2024-10-17 01:17:32 install perl:amd64 <none> 5.36.0-7+deb12u1
2024-10-17 01:17:32 status half-installed perl:amd64 5.36.0-7+deb12u1
2024-10-17 01:17:32 status unpacked perl:amd64 5.36.0-7+deb12u1
2024-10-17 01:17:32 install bzip2:amd64 <none> 1.0.8-5+b1
2024-10-17 01:17:32 status half-installed bzip2:amd64 1.0.8-5+b1
2024-10-17 01:17:32 status unpacked bzip2:amd64 1.0.8-5+b1
2024-10-17 01:17:32 install libssl3:amd64 <none> 3.0.14-1~deb12u2
2024-10-17 01:17:32 status half-installed libssl3:amd64 3.0.14-1~deb12u2
2024-10-17 01:17:32 status unpacked libssl3:amd64 3.0.14-1~deb12u2
2024-10-17 01:17:32 install openssl:amd64 <none> 3.0.14-1~deb12u2
2024-10-17 01:17:32 status half-installed openssl:amd64 3.0.14-1~deb12u2
2024-10-17 01:17:32 status unpacked openssl:amd64 3.0.14-1~deb12u2
2024-10-17 01:17:32 install ca-certificates:all <none> 20230311
2024-10-17 01:17:32 status half-installed ca-certificates:all 20230311
2024-10-17 01:17:32 status unpacked ca-certificates:all 20230311
2024-10-17 01:17:32 install libmagic-mgc:amd64 <none> 1:5.44-3
2024-10-17 01:17:32 status half-installed libmagic-mgc:amd64 1:5.44-3
2024-10-17 01:17:32 status unpacked libmagic-mgc:amd64 1:5.44-3
2024-10-17 01:17:32 install libmagic1:amd64 <none> 1:5.44-3
2024-10-17 01:17:32 status half-installed libmagic1:amd64 1:5.44-3
2024-10-17 01:17:32 status unpacked libmagic1:amd64 1:5.44-3
2024-10-17 01:17:32 install file:amd64 <none> 1:5.44-3
2024-10-17 01:17:32 status half-installed file:amd64 1:5.44-3
2024-10-17 01:17:32 status unpacked file:amd64 1:5.44-3
2024-10-17 01:17:32 install xz-utils:amd64 <none> 5.4.1-0.2
2024-10-17 01:17:32 status half-installed xz-utils:amd64 5.4.1-0.2
2024-10-17 01:17:32 status unpacked xz-utils:amd64 5.4.1-0.2
2024-10-17 01:17:33 install m4:amd64 <none> 1.4.19-3
2024-10-17 01:17:33 status half-installed m4:amd64 1.4.19-3
2024-10-17 01:17:33 status unpacked m4:amd64 1.4.19-3
2024-10-17 01:17:33 install autoconf:all <none> 2.71-3
2024-10-17 01:17:33 status half-installed autoconf:all 2.71-3
2024-10-17 01:17:33 status unpacked autoconf:all 2.71-3
2024-10-17 01:17:33 install binutils-common:amd64 <none> 2.40-2
2024-10-17 01:17:33 status half-installed binutils-common:amd64 2.40-2
2024-10-17 01:17:33 status unpacked binutils-common:amd64 2.40-2
2024-10-17 01:17:33 install libbinutils:amd64 <none> 2.40-2
2024-10-17 01:17:33 status half-installed libbinutils:amd64 2.40-2
2024-10-17 01:17:33 status unpacked libbinutils:amd64 2.40-2
2024-10-17 01:17:33 install libctf-nobfd0:amd64 <none> 2.40-2
2024-10-17 01:17:33 status half-installed libctf-nobfd0:amd64 2.40-2
2024-10-17 01:17:33 status unpacked libctf-nobfd0:amd64 2.40-2
2024-10-17 01:17:33 install libctf0:amd64 <none> 2.40-2
2024-10-17 01:17:33 status half-installed libctf0:amd64 2.40-2
2024-10-17 01:17:33 status unpacked libctf0:amd64 2.40-2
2024-10-17 01:17:33 install libgprofng0:amd64 <none> 2.40-2
2024-10-17 01:17:33 status half-installed libgprofng0:amd64 2.40-2
2024-10-17 01:17:33 status unpacked libgprofng0:amd64 2.40-2
2024-10-17 01:17:33 install libjansson4:amd64 <none> 2.14-2
2024-10-17 01:17:33 status half-installed libjansson4:amd64 2.14-2
2024-10-17 01:17:33 status unpacked libjansson4:amd64 2.14-2
2024-10-17 01:17:33 install binutils-x86-64-linux-gnu:amd64 <none> 2.40-2
2024-10-17 01:17:33 status half-installed binutils-x86-64-linux-gnu:amd64 2.40-2
2024-10-17 01:17:33 status unpacked binutils-x86-64-linux-gnu:amd64 2.40-2
2024-10-17 01:17:33 install binutils:amd64 <none> 2.40-2
2024-10-17 01:17:33 status half-installed binutils:amd64 2.40-2
2024-10-17 01:17:34 status unpacked binutils:amd64 2.40-2
2024-10-17 01:17:34 install libisl23:amd64 <none> 0.25-1.1
2024-10-17 01:17:34 status half-installed libisl23:amd64 0.25-1.1
2024-10-17 01:17:34 status unpacked libisl23:amd64 0.25-1.1
2024-10-17 01:17:34 install libmpfr6:amd64 <none> 4.2.0-1
2024-10-17 01:17:34 status half-installed libmpfr6:amd64 4.2.0-1
2024-10-17 01:17:34 status unpacked libmpfr6:amd64 4.2.0-1
2024-10-17 01:17:34 install libmpc3:amd64 <none> 1.3.1-1
2024-10-17 01:17:34 status half-installed libmpc3:amd64 1.3.1-1
2024-10-17 01:17:34 status unpacked libmpc3:amd64 1.3.1-1
2024-10-17 01:17:34 install cpp-12:amd64 <none> 12.2.0-14
2024-10-17 01:17:34 status half-installed cpp-12:amd64 12.2.0-14
2024-10-17 01:17:34 status unpacked cpp-12:amd64 12.2.0-14
2024-10-17 01:17:34 install cpp:amd64 <none> 4:12.2.0-3
2024-10-17 01:17:34 status half-installed cpp:amd64 4:12.2.0-3
2024-10-17 01:17:34 status unpacked cpp:amd64 4:12.2.0-3
2024-10-17 01:17:34 install libbrotli1:amd64 <none> 1.0.9-2+b6
2024-10-17 01:17:34 status half-installed libbrotli1:amd64 1.0.9-2+b6
2024-10-17 01:17:35 status unpacked libbrotli1:amd64 1.0.9-2+b6
2024-10-17 01:17:35 install libkrb5support0:amd64 <none> 1.20.1-2+deb12u2
2024-10-17 01:17:35 status half-installed libkrb5support0:amd64 1.20.1-2+deb12u2
2024-10-17 01:17:35 status unpacked libkrb5support0:amd64 1.20.1-2+deb12u2
2024-10-17 01:17:35 install libk5crypto3:amd64 <none> 1.20.1-2+deb12u2
2024-10-17 01:17:35 status half-installed libk5crypto3:amd64 1.20.1-2+deb12u2
2024-10-17 01:17:35 status unpacked libk5crypto3:amd64 1.20.1-2+deb12u2
2024-10-17 01:17:35 install libkeyutils1:amd64 <none> 1.6.3-2
2024-10-17 01:17:35 status half-installed libkeyutils1:amd64 1.6.3-2
2024-10-17 01:17:35 status unpacked libkeyutils1:amd64 1.6.3-2
2024-10-17 01:17:35 install libkrb5-3:amd64 <none> 1.20.1-2+deb12u2
2024-10-17 01:17:35 status half-installed libkrb5-3:amd64 1.20.1-2+deb12u2
2024-10-17 01:17:35 status unpacked libkrb5-3:amd64 1.20.1-2+deb12u2
2024-10-17 01:17:35 install libgssapi-krb5-2:amd64 <none> 1.20.1-2+deb12u2
2024-10-17 01:17:35 status half-installed libgssapi-krb5-2:amd64 1.20.1-2+deb12u2
2024-10-17 01:17:35 status unpacked libgssapi-krb5-2:amd64 1.20.1-2+deb12u2
2024-10-17 01:17:35 install libsasl2-modules-db:amd64 <none> 2.1.28+dfsg-10
2024-10-17 01:17:35 status half-installed libsasl2-modules-db:amd64 2.1.28+dfsg-10
2024-10-17 01:17:35 status unpacked libsasl2-modules-db:amd64 2.1.28+dfsg-10
2024-10-17 01:17:35 install libsasl2-2:amd64 <none> 2.1.28+dfsg-10
2024-10-17 01:17:35 status half-installed libsasl2-2:amd64 2.1.28+dfsg-10
2024-10-17 01:17:35 status unpacked libsasl2-2:amd64 2.1.28+dfsg-10
2024-10-17 01:17:35 install libldap-2.5-0:amd64 <none> 2.5.13+dfsg-5
2024-10-17 01:17:35 status half-installed libldap-2.5-0:amd64 2.5.13+dfsg-5
2024-10-17 01:17:35 status unpacked libldap-2.5-0:amd64 2.5.13+dfsg-5
2024-10-17 01:17:35 install libnghttp2-14:amd64 <none> 1.52.0-1+deb12u1
2024-10-17 01:17:35 status half-installed libnghttp2-14:amd64 1.52.0-1+deb12u1
2024-10-17 01:17:35 status unpacked libnghttp2-14:amd64 1.52.0-1+deb12u1
2024-10-17 01:17:35 install libpsl5:amd64 <none> 0.21.2-1
2024-10-17 01:17:35 status half-installed libpsl5:amd64 0.21.2-1
2024-10-17 01:17:35 status unpacked libpsl5:amd64 0.21.2-1
2024-10-17 01:17:35 install librtmp1:amd64 <none> 2.4+20151223.gitfa8646d.1-2+b2
2024-10-17 01:17:35 status half-installed librtmp1:amd64 2.4+20151223.gitfa8646d.1-2+b2
2024-10-17 01:17:35 status unpacked librtmp1:amd64 2.4+20151223.gitfa8646d.1-2+b2
2024-10-17 01:17:35 install libssh2-1:amd64 <none> 1.10.0-3+b1
2024-10-17 01:17:35 status half-installed libssh2-1:amd64 1.10.0-3+b1
2024-10-17 01:17:35 status unpacked libssh2-1:amd64 1.10.0-3+b1
2024-10-17 01:17:35 install libcurl4:amd64 <none> 7.88.1-10+deb12u7
2024-10-17 01:17:35 status half-installed libcurl4:amd64 7.88.1-10+deb12u7
2024-10-17 01:17:35 status unpacked libcurl4:amd64 7.88.1-10+deb12u7
2024-10-17 01:17:35 install curl:amd64 <none> 7.88.1-10+deb12u7
2024-10-17 01:17:35 status half-installed curl:amd64 7.88.1-10+deb12u7
2024-10-17 01:17:35 status unpacked curl:amd64 7.88.1-10+deb12u7
2024-10-17 01:17:35 install libdpkg-perl:all <none> 1.21.22
2024-10-17 01:17:35 status half-installed libdpkg-perl:all 1.21.22
2024-10-17 01:17:35 status unpacked libdpkg-perl:all 1.21.22
2024-10-17 01:17:35 install patch:amd64 <none> 2.7.6-7
2024-10-17 01:17:35 status half-installed patch:amd64 2.7.6-7
2024-10-17 01:17:35 status unpacked patch:amd64 2.7.6-7
2024-10-17 01:17:35 install make:amd64 <none> 4.3-4.1
2024-10-17 01:17:35 status half-installed make:amd64 4.3-4.1
2024-10-17 01:17:36 status unpacked make:amd64 4.3-4.1
2024-10-17 01:17:36 install dpkg-dev:all <none> 1.21.22
2024-10-17 01:17:36 status half-installed dpkg-dev:all 1.21.22
2024-10-17 01:17:36 status unpacked dpkg-dev:all 1.21.22
2024-10-17 01:17:36 install libcc1-0:amd64 <none> 12.2.0-14
2024-10-17 01:17:36 status half-installed libcc1-0:amd64 12.2.0-14
2024-10-17 01:17:36 status unpacked libcc1-0:amd64 12.2.0-14
2024-10-17 01:17:36 install libgomp1:amd64 <none> 12.2.0-14
2024-10-17 01:17:36 status half-installed libgomp1:amd64 12.2.0-14
2024-10-17 01:17:36 status unpacked libgomp1:amd64 12.2.0-14
2024-10-17 01:17:36 install libitm1:amd64 <none> 12.2.0-14
2024-10-17 01:17:36 status half-installed libitm1:amd64 12.2.0-14
2024-10-17 01:17:36 status unpacked libitm1:amd64 12.2.0-14
2024-10-17 01:17:36 install libatomic1:amd64 <none> 12.2.0-14
2024-10-17 01:17:36 status half-installed libatomic1:amd64 12.2.0-14
2024-10-17 01:17:36 status unpacked libatomic1:amd64 12.2.0-14
2024-10-17 01:17:36 install libasan8:amd64 <none> 12.2.0-14
2024-10-17 01:17:36 status half-installed libasan8:amd64 12.2.0-14
2024-10-17 01:17:36 status unpacked libasan8:amd64 12.2.0-14
2024-10-17 01:17:36 install liblsan0:amd64 <none> 12.2.0-14
2024-10-17 01:17:36 status half-installed liblsan0:amd64 12.2.0-14
2024-10-17 01:17:36 status unpacked liblsan0:amd64 12.2.0-14
2024-10-17 01:17:36 install libtsan2:amd64 <none> 12.2.0-14
2024-10-17 01:17:36 status half-installed libtsan2:amd64 12.2.0-14
2024-10-17 01:17:36 status unpacked libtsan2:amd64 12.2.0-14
2024-10-17 01:17:36 install libubsan1:amd64 <none> 12.2.0-14
2024-10-17 01:17:36 status half-installed libubsan1:amd64 12.2.0-14
2024-10-17 01:17:37 status unpacked libubsan1:amd64 12.2.0-14
2024-10-17 01:17:37 install libquadmath0:amd64 <none> 12.2.0-14
2024-10-17 01:17:37 status half-installed libquadmath0:amd64 12.2.0-14
2024-10-17 01:17:37 status unpacked libquadmath0:amd64 12.2.0-14
2024-10-17 01:17:37 install libgcc-12-dev:amd64 <none> 12.2.0-14
2024-10-17 01:17:37 status half-installed libgcc-12-dev:amd64 12.2.0-14
2024-10-17 01:17:37 status unpacked libgcc-12-dev:amd64 12.2.0-14
2024-10-17 01:17:37 install gcc-12:amd64 <none> 12.2.0-14
2024-10-17 01:17:37 status half-installed gcc-12:amd64 12.2.0-14
2024-10-17 01:17:38 status unpacked gcc-12:amd64 12.2.0-14
2024-10-17 01:17:38 install gcc:amd64 <none> 4:12.2.0-3
2024-10-17 01:17:38 status half-installed gcc:amd64 4:12.2.0-3
2024-10-17 01:17:38 status unpacked gcc:amd64 4:12.2.0-3
2024-10-17 01:17:38 install libc-dev-bin:amd64 <none> 2.36-9+deb12u8
2024-10-17 01:17:38 status half-installed libc-dev-bin:amd64 2.36-9+deb12u8
2024-10-17 01:17:38 status unpacked libc-dev-bin:amd64 2.36-9+deb12u8
2024-10-17 01:17:38 install linux-libc-dev:amd64 <none> 6.1.112-1
2024-10-17 01:17:38 status half-installed linux-libc-dev:amd64 6.1.112-1
2024-10-17 01:17:38 status unpacked linux-libc-dev:amd64 6.1.112-1
2024-10-17 01:17:38 install libcrypt-dev:amd64 <none> 1:4.4.33-2
2024-10-17 01:17:38 status half-installed libcrypt-dev:amd64 1:4.4.33-2
2024-10-17 01:17:38 status unpacked libcrypt-dev:amd64 1:4.4.33-2
2024-10-17 01:17:38 install libtirpc-common:all <none> 1.3.3+ds-1
2024-10-17 01:17:38 status half-installed libtirpc-common:all 1.3.3+ds-1
2024-10-17 01:17:38 status unpacked libtirpc-common:all 1.3.3+ds-1
2024-10-17 01:17:38 install libtirpc3:amd64 <none> 1.3.3+ds-1
2024-10-17 01:17:38 status half-installed libtirpc3:amd64 1.3.3+ds-1
2024-10-17 01:17:38 status unpacked libtirpc3:amd64 1.3.3+ds-1
2024-10-17 01:17:38 install libnsl2:amd64 <none> 1.3.0-2
2024-10-17 01:17:38 status half-installed libnsl2:amd64 1.3.0-2
2024-10-17 01:17:38 status unpacked libnsl2:amd64 1.3.0-2
2024-10-17 01:17:38 install libtirpc-dev:amd64 <none> 1.3.3+ds-1
2024-10-17 01:17:38 status half-installed libtirpc-dev:amd64 1.3.3+ds-1
2024-10-17 01:17:38 status unpacked libtirpc-dev:amd64 1.3.3+ds-1
2024-10-17 01:17:38 install libnsl-dev:amd64 <none> 1.3.0-2
2024-10-17 01:17:38 status half-installed libnsl-dev:amd64 1.3.0-2
2024-10-17 01:17:38 status unpacked libnsl-dev:amd64 1.3.0-2
2024-10-17 01:17:38 install rpcsvc-proto:amd64 <none> 1.4.3-1
2024-10-17 01:17:38 status half-installed rpcsvc-proto:amd64 1.4.3-1
2024-10-17 01:17:38 status unpacked rpcsvc-proto:amd64 1.4.3-1
2024-10-17 01:17:38 install libc6-dev:amd64 <none> 2.36-9+deb12u8
2024-10-17 01:17:38 status half-installed libc6-dev:amd64 2.36-9+deb12u8
2024-10-17 01:17:38 status unpacked libc6-dev:amd64 2.36-9+deb12u8
2024-10-17 01:17:38 install libstdc++-12-dev:amd64 <none> 12.2.0-14
2024-10-17 01:17:38 status half-installed libstdc++-12-dev:amd64 12.2.0-14
2024-10-17 01:17:39 status unpacked libstdc++-12-dev:amd64 12.2.0-14
2024-10-17 01:17:39 install g++-12:amd64 <none> 12.2.0-14
2024-10-17 01:17:39 status half-installed g++-12:amd64 12.2.0-14
2024-10-17 01:17:39 status unpacked g++-12:amd64 12.2.0-14
2024-10-17 01:17:39 install g++:amd64 <none> 4:12.2.0-3
2024-10-17 01:17:39 status half-installed g++:amd64 4:12.2.0-3
2024-10-17 01:17:39 status unpacked g++:amd64 4:12.2.0-3
2024-10-17 01:17:39 install libpkgconf3:amd64 <none> 1.8.1-1
2024-10-17 01:17:39 status half-installed libpkgconf3:amd64 1.8.1-1
2024-10-17 01:17:39 status unpacked libpkgconf3:amd64 1.8.1-1
2024-10-17 01:17:39 install pkgconf-bin:amd64 <none> 1.8.1-1
2024-10-17 01:17:39 status half-installed pkgconf-bin:amd64 1.8.1-1
2024-10-17 01:17:39 status unpacked pkgconf-bin:amd64 1.8.1-1
2024-10-17 01:17:39 install pkgconf:amd64 <none> 1.8.1-1
2024-10-17 01:17:39 status half-installed pkgconf:amd64 1.8.1-1
2024-10-17 01:17:39 status unpacked pkgconf:amd64 1.8.1-1
2024-10-17 01:17:40 install pkg-config:amd64 <none> 1.8.1-1
2024-10-17 01:17:40 status half-installed pkg-config:amd64 1.8.1-1
2024-10-17 01:17:40 status unpacked pkg-config:amd64 1.8.1-1
2024-10-17 01:17:40 install re2c:amd64 <none> 3.0-2
2024-10-17 01:17:40 status half-installed re2c:amd64 3.0-2
2024-10-17 01:17:40 status unpacked re2c:amd64 3.0-2
2024-10-17 01:17:40 startup packages configure
2024-10-17 01:17:40 configure libkeyutils1:amd64 1.6.3-2 <none>
2024-10-17 01:17:40 status unpacked libkeyutils1:amd64 1.6.3-2
2024-10-17 01:17:40 status half-configured libkeyutils1:amd64 1.6.3-2
2024-10-17 01:17:40 status installed libkeyutils1:amd64 1.6.3-2
2024-10-17 01:17:40 configure libpsl5:amd64 0.21.2-1 <none>
2024-10-17 01:17:40 status unpacked libpsl5:amd64 0.21.2-1
2024-10-17 01:17:40 status half-configured libpsl5:amd64 0.21.2-1
2024-10-17 01:17:40 status installed libpsl5:amd64 0.21.2-1
2024-10-17 01:17:40 configure libmagic-mgc:amd64 1:5.44-3 <none>
2024-10-17 01:17:40 status unpacked libmagic-mgc:amd64 1:5.44-3
2024-10-17 01:17:40 status half-configured libmagic-mgc:amd64 1:5.44-3
2024-10-17 01:17:40 status installed libmagic-mgc:amd64 1:5.44-3
2024-10-17 01:17:40 configure libtirpc-common:all 1.3.3+ds-1 <none>
2024-10-17 01:17:40 status unpacked libtirpc-common:all 1.3.3+ds-1
2024-10-17 01:17:40 status half-configured libtirpc-common:all 1.3.3+ds-1
2024-10-17 01:17:40 status installed libtirpc-common:all 1.3.3+ds-1
2024-10-17 01:17:40 configure libbrotli1:amd64 1.0.9-2+b6 <none>
2024-10-17 01:17:40 status unpacked libbrotli1:amd64 1.0.9-2+b6
2024-10-17 01:17:40 status half-configured libbrotli1:amd64 1.0.9-2+b6
2024-10-17 01:17:40 status installed libbrotli1:amd64 1.0.9-2+b6
2024-10-17 01:17:40 configure binutils-common:amd64 2.40-2 <none>
2024-10-17 01:17:40 status unpacked binutils-common:amd64 2.40-2
2024-10-17 01:17:40 status half-configured binutils-common:amd64 2.40-2
2024-10-17 01:17:40 status installed binutils-common:amd64 2.40-2
2024-10-17 01:17:40 configure libssl3:amd64 3.0.14-1~deb12u2 <none>
2024-10-17 01:17:40 status unpacked libssl3:amd64 3.0.14-1~deb12u2
2024-10-17 01:17:40 status half-configured libssl3:amd64 3.0.14-1~deb12u2
2024-10-17 01:17:40 status installed libssl3:amd64 3.0.14-1~deb12u2
2024-10-17 01:17:40 configure libnghttp2-14:amd64 1.52.0-1+deb12u1 <none>
2024-10-17 01:17:40 status unpacked libnghttp2-14:amd64 1.52.0-1+deb12u1
2024-10-17 01:17:40 status half-configured libnghttp2-14:amd64 1.52.0-1+deb12u1
2024-10-17 01:17:40 status installed libnghttp2-14:amd64 1.52.0-1+deb12u1
2024-10-17 01:17:40 configure libmagic1:amd64 1:5.44-3 <none>
2024-10-17 01:17:40 status unpacked libmagic1:amd64 1:5.44-3
2024-10-17 01:17:40 status half-configured libmagic1:amd64 1:5.44-3
2024-10-17 01:17:40 status installed libmagic1:amd64 1:5.44-3
2024-10-17 01:17:40 configure linux-libc-dev:amd64 6.1.112-1 <none>
2024-10-17 01:17:40 status unpacked linux-libc-dev:amd64 6.1.112-1
2024-10-17 01:17:40 status half-configured linux-libc-dev:amd64 6.1.112-1
2024-10-17 01:17:40 status installed linux-libc-dev:amd64 6.1.112-1
2024-10-17 01:17:40 configure libctf-nobfd0:amd64 2.40-2 <none>
2024-10-17 01:17:40 status unpacked libctf-nobfd0:amd64 2.40-2
2024-10-17 01:17:40 status half-configured libctf-nobfd0:amd64 2.40-2
2024-10-17 01:17:40 status installed libctf-nobfd0:amd64 2.40-2
2024-10-17 01:17:40 configure m4:amd64 1.4.19-3 <none>
2024-10-17 01:17:40 status unpacked m4:amd64 1.4.19-3
2024-10-17 01:17:40 status half-configured m4:amd64 1.4.19-3
2024-10-17 01:17:40 status installed m4:amd64 1.4.19-3
2024-10-17 01:17:40 configure file:amd64 1:5.44-3 <none>
2024-10-17 01:17:40 status unpacked file:amd64 1:5.44-3
2024-10-17 01:17:40 status half-configured file:amd64 1:5.44-3
2024-10-17 01:17:40 status installed file:amd64 1:5.44-3
2024-10-17 01:17:40 configure libgomp1:amd64 12.2.0-14 <none>
2024-10-17 01:17:40 status unpacked libgomp1:amd64 12.2.0-14
2024-10-17 01:17:40 status half-configured libgomp1:amd64 12.2.0-14
2024-10-17 01:17:40 status installed libgomp1:amd64 12.2.0-14
2024-10-17 01:17:40 configure bzip2:amd64 1.0.8-5+b1 <none>
2024-10-17 01:17:40 status unpacked bzip2:amd64 1.0.8-5+b1
2024-10-17 01:17:40 status half-configured bzip2:amd64 1.0.8-5+b1
2024-10-17 01:17:40 status installed bzip2:amd64 1.0.8-5+b1
2024-10-17 01:17:40 configure libjansson4:amd64 2.14-2 <none>
2024-10-17 01:17:40 status unpacked libjansson4:amd64 2.14-2
2024-10-17 01:17:40 status half-configured libjansson4:amd64 2.14-2
2024-10-17 01:17:40 status installed libjansson4:amd64 2.14-2
2024-10-17 01:17:40 configure libkrb5support0:amd64 1.20.1-2+deb12u2 <none>
2024-10-17 01:17:40 status unpacked libkrb5support0:amd64 1.20.1-2+deb12u2
2024-10-17 01:17:40 status half-configured libkrb5support0:amd64 1.20.1-2+deb12u2
2024-10-17 01:17:40 status installed libkrb5support0:amd64 1.20.1-2+deb12u2
2024-10-17 01:17:40 configure libsasl2-modules-db:amd64 2.1.28+dfsg-10 <none>
2024-10-17 01:17:40 status unpacked libsasl2-modules-db:amd64 2.1.28+dfsg-10
2024-10-17 01:17:40 status half-configured libsasl2-modules-db:amd64 2.1.28+dfsg-10
2024-10-17 01:17:40 status installed libsasl2-modules-db:amd64 2.1.28+dfsg-10
2024-10-17 01:17:40 configure perl-modules-5.36:all 5.36.0-7+deb12u1 <none>
2024-10-17 01:17:40 status unpacked perl-modules-5.36:all 5.36.0-7+deb12u1
2024-10-17 01:17:40 status half-configured perl-modules-5.36:all 5.36.0-7+deb12u1
2024-10-17 01:17:40 status installed perl-modules-5.36:all 5.36.0-7+deb12u1
2024-10-17 01:17:40 configure libpkgconf3:amd64 1.8.1-1 <none>
2024-10-17 01:17:40 status unpacked libpkgconf3:amd64 1.8.1-1
2024-10-17 01:17:40 status half-configured libpkgconf3:amd64 1.8.1-1
2024-10-17 01:17:40 status installed libpkgconf3:amd64 1.8.1-1
2024-10-17 01:17:40 configure rpcsvc-proto:amd64 1.4.3-1 <none>
2024-10-17 01:17:40 status unpacked rpcsvc-proto:amd64 1.4.3-1
2024-10-17 01:17:40 status half-configured rpcsvc-proto:amd64 1.4.3-1
2024-10-17 01:17:40 status installed rpcsvc-proto:amd64 1.4.3-1
2024-10-17 01:17:40 configure make:amd64 4.3-4.1 <none>
2024-10-17 01:17:40 status unpacked make:amd64 4.3-4.1
2024-10-17 01:17:40 status half-configured make:amd64 4.3-4.1
2024-10-17 01:17:40 status installed make:amd64 4.3-4.1
2024-10-17 01:17:40 configure libmpfr6:amd64 4.2.0-1 <none>
2024-10-17 01:17:40 status unpacked libmpfr6:amd64 4.2.0-1
2024-10-17 01:17:40 status half-configured libmpfr6:amd64 4.2.0-1
2024-10-17 01:17:40 status installed libmpfr6:amd64 4.2.0-1
2024-10-17 01:17:40 configure librtmp1:amd64 2.4+20151223.gitfa8646d.1-2+b2 <none>
2024-10-17 01:17:40 status unpacked librtmp1:amd64 2.4+20151223.gitfa8646d.1-2+b2
2024-10-17 01:17:40 status half-configured librtmp1:amd64 2.4+20151223.gitfa8646d.1-2+b2
2024-10-17 01:17:40 status installed librtmp1:amd64 2.4+20151223.gitfa8646d.1-2+b2
2024-10-17 01:17:40 configure xz-utils:amd64 5.4.1-0.2 <none>
2024-10-17 01:17:40 status unpacked xz-utils:amd64 5.4.1-0.2
2024-10-17 01:17:40 status half-configured xz-utils:amd64 5.4.1-0.2
2024-10-17 01:17:40 status installed xz-utils:amd64 5.4.1-0.2
2024-10-17 01:17:40 configure libquadmath0:amd64 12.2.0-14 <none>
2024-10-17 01:17:40 status unpacked libquadmath0:amd64 12.2.0-14
2024-10-17 01:17:40 status half-configured libquadmath0:amd64 12.2.0-14
2024-10-17 01:17:40 status installed libquadmath0:amd64 12.2.0-14
2024-10-17 01:17:40 configure libmpc3:amd64 1.3.1-1 <none>
2024-10-17 01:17:40 status unpacked libmpc3:amd64 1.3.1-1
2024-10-17 01:17:40 status half-configured libmpc3:amd64 1.3.1-1
2024-10-17 01:17:40 status installed libmpc3:amd64 1.3.1-1
2024-10-17 01:17:40 configure libatomic1:amd64 12.2.0-14 <none>
2024-10-17 01:17:40 status unpacked libatomic1:amd64 12.2.0-14
2024-10-17 01:17:40 status half-configured libatomic1:amd64 12.2.0-14
2024-10-17 01:17:40 status installed libatomic1:amd64 12.2.0-14
2024-10-17 01:17:40 configure patch:amd64 2.7.6-7 <none>
2024-10-17 01:17:40 status unpacked patch:amd64 2.7.6-7
2024-10-17 01:17:40 status half-configured patch:amd64 2.7.6-7
2024-10-17 01:17:40 status installed patch:amd64 2.7.6-7
2024-10-17 01:17:40 configure pkgconf-bin:amd64 1.8.1-1 <none>
2024-10-17 01:17:40 status unpacked pkgconf-bin:amd64 1.8.1-1
2024-10-17 01:17:40 status half-configured pkgconf-bin:amd64 1.8.1-1
2024-10-17 01:17:40 status installed pkgconf-bin:amd64 1.8.1-1
2024-10-17 01:17:40 configure libk5crypto3:amd64 1.20.1-2+deb12u2 <none>
2024-10-17 01:17:40 status unpacked libk5crypto3:amd64 1.20.1-2+deb12u2
2024-10-17 01:17:40 status half-configured libk5crypto3:amd64 1.20.1-2+deb12u2
2024-10-17 01:17:40 status installed libk5crypto3:amd64 1.20.1-2+deb12u2
2024-10-17 01:17:40 configure libsasl2-2:amd64 2.1.28+dfsg-10 <none>
2024-10-17 01:17:40 status unpacked libsasl2-2:amd64 2.1.28+dfsg-10
2024-10-17 01:17:40 status half-configured libsasl2-2:amd64 2.1.28+dfsg-10
2024-10-17 01:17:40 status installed libsasl2-2:amd64 2.1.28+dfsg-10
2024-10-17 01:17:40 configure libubsan1:amd64 12.2.0-14 <none>
2024-10-17 01:17:40 status unpacked libubsan1:amd64 12.2.0-14
2024-10-17 01:17:40 status half-configured libubsan1:amd64 12.2.0-14
2024-10-17 01:17:40 status installed libubsan1:amd64 12.2.0-14
2024-10-17 01:17:40 configure libcrypt-dev:amd64 1:4.4.33-2 <none>
2024-10-17 01:17:40 status unpacked libcrypt-dev:amd64 1:4.4.33-2
2024-10-17 01:17:40 status half-configured libcrypt-dev:amd64 1:4.4.33-2
2024-10-17 01:17:40 status installed libcrypt-dev:amd64 1:4.4.33-2
2024-10-17 01:17:40 configure libasan8:amd64 12.2.0-14 <none>
2024-10-17 01:17:40 status unpacked libasan8:amd64 12.2.0-14
2024-10-17 01:17:40 status half-configured libasan8:amd64 12.2.0-14
2024-10-17 01:17:40 status installed libasan8:amd64 12.2.0-14
2024-10-17 01:17:40 configure libssh2-1:amd64 1.10.0-3+b1 <none>
2024-10-17 01:17:40 status unpacked libssh2-1:amd64 1.10.0-3+b1
2024-10-17 01:17:40 status half-configured libssh2-1:amd64 1.10.0-3+b1
2024-10-17 01:17:40 status installed libssh2-1:amd64 1.10.0-3+b1
2024-10-17 01:17:40 configure libkrb5-3:amd64 1.20.1-2+deb12u2 <none>
2024-10-17 01:17:40 status unpacked libkrb5-3:amd64 1.20.1-2+deb12u2
2024-10-17 01:17:40 status half-configured libkrb5-3:amd64 1.20.1-2+deb12u2
2024-10-17 01:17:40 status installed libkrb5-3:amd64 1.20.1-2+deb12u2
2024-10-17 01:17:40 configure re2c:amd64 3.0-2 <none>
2024-10-17 01:17:40 status unpacked re2c:amd64 3.0-2
2024-10-17 01:17:40 status half-configured re2c:amd64 3.0-2
2024-10-17 01:17:40 status installed re2c:amd64 3.0-2
2024-10-17 01:17:40 configure libtsan2:amd64 12.2.0-14 <none>
2024-10-17 01:17:40 status unpacked libtsan2:amd64 12.2.0-14
2024-10-17 01:17:40 status half-configured libtsan2:amd64 12.2.0-14
2024-10-17 01:17:40 status installed libtsan2:amd64 12.2.0-14
2024-10-17 01:17:40 configure libbinutils:amd64 2.40-2 <none>
2024-10-17 01:17:40 status unpacked libbinutils:amd64 2.40-2
2024-10-17 01:17:40 status half-configured libbinutils:amd64 2.40-2
2024-10-17 01:17:40 status installed libbinutils:amd64 2.40-2
2024-10-17 01:17:40 configure libisl23:amd64 0.25-1.1 <none>
2024-10-17 01:17:40 status unpacked libisl23:amd64 0.25-1.1
2024-10-17 01:17:40 status half-configured libisl23:amd64 0.25-1.1
2024-10-17 01:17:40 status installed libisl23:amd64 0.25-1.1
2024-10-17 01:17:40 configure libc-dev-bin:amd64 2.36-9+deb12u8 <none>
2024-10-17 01:17:40 status unpacked libc-dev-bin:amd64 2.36-9+deb12u8
2024-10-17 01:17:40 status half-configured libc-dev-bin:amd64 2.36-9+deb12u8
2024-10-17 01:17:40 status installed libc-dev-bin:amd64 2.36-9+deb12u8
2024-10-17 01:17:40 configure openssl:amd64 3.0.14-1~deb12u2 <none>
2024-10-17 01:17:40 status unpacked openssl:amd64 3.0.14-1~deb12u2
2024-10-17 01:17:40 status half-configured openssl:amd64 3.0.14-1~deb12u2
2024-10-17 01:17:40 status installed openssl:amd64 3.0.14-1~deb12u2
2024-10-17 01:17:40 configure libcc1-0:amd64 12.2.0-14 <none>
2024-10-17 01:17:40 status unpacked libcc1-0:amd64 12.2.0-14
2024-10-17 01:17:40 status half-configured libcc1-0:amd64 12.2.0-14
2024-10-17 01:17:40 status installed libcc1-0:amd64 12.2.0-14
2024-10-17 01:17:40 configure liblsan0:amd64 12.2.0-14 <none>
2024-10-17 01:17:40 status unpacked liblsan0:amd64 12.2.0-14
2024-10-17 01:17:40 status half-configured liblsan0:amd64 12.2.0-14
2024-10-17 01:17:40 status installed liblsan0:amd64 12.2.0-14
2024-10-17 01:17:40 configure libitm1:amd64 12.2.0-14 <none>
2024-10-17 01:17:40 status unpacked libitm1:amd64 12.2.0-14
2024-10-17 01:17:40 status half-configured libitm1:amd64 12.2.0-14
2024-10-17 01:17:40 status installed libitm1:amd64 12.2.0-14
2024-10-17 01:17:40 configure libgdbm6:amd64 1.23-3 <none>
2024-10-17 01:17:40 status unpacked libgdbm6:amd64 1.23-3
2024-10-17 01:17:40 status half-configured libgdbm6:amd64 1.23-3
2024-10-17 01:17:40 status installed libgdbm6:amd64 1.23-3
2024-10-17 01:17:40 configure libctf0:amd64 2.40-2 <none>
2024-10-17 01:17:40 status unpacked libctf0:amd64 2.40-2
2024-10-17 01:17:40 status half-configured libctf0:amd64 2.40-2
2024-10-17 01:17:40 status installed libctf0:amd64 2.40-2
2024-10-17 01:17:40 configure cpp-12:amd64 12.2.0-14 <none>
2024-10-17 01:17:40 status unpacked cpp-12:amd64 12.2.0-14
2024-10-17 01:17:40 status half-configured cpp-12:amd64 12.2.0-14
2024-10-17 01:17:40 status installed cpp-12:amd64 12.2.0-14
2024-10-17 01:17:40 configure libldap-2.5-0:amd64 2.5.13+dfsg-5 <none>
2024-10-17 01:17:40 status unpacked libldap-2.5-0:amd64 2.5.13+dfsg-5
2024-10-17 01:17:40 status half-configured libldap-2.5-0:amd64 2.5.13+dfsg-5
2024-10-17 01:17:40 status installed libldap-2.5-0:amd64 2.5.13+dfsg-5
2024-10-17 01:17:40 configure pkgconf:amd64 1.8.1-1 <none>
2024-10-17 01:17:40 status unpacked pkgconf:amd64 1.8.1-1
2024-10-17 01:17:40 status half-configured pkgconf:amd64 1.8.1-1
2024-10-17 01:17:40 status installed pkgconf:amd64 1.8.1-1
2024-10-17 01:17:40 configure ca-certificates:all 20230311 <none>
2024-10-17 01:17:40 status unpacked ca-certificates:all 20230311
2024-10-17 01:17:40 status half-configured ca-certificates:all 20230311
2024-10-17 01:17:41 status installed ca-certificates:all 20230311
2024-10-17 01:17:41 status triggers-pending ca-certificates:all 20230311
2024-10-17 01:17:41 configure libgprofng0:amd64 2.40-2 <none>
2024-10-17 01:17:41 status unpacked libgprofng0:amd64 2.40-2
2024-10-17 01:17:41 status half-configured libgprofng0:amd64 2.40-2
2024-10-17 01:17:41 status installed libgprofng0:amd64 2.40-2
2024-10-17 01:17:41 configure libgcc-12-dev:amd64 12.2.0-14 <none>
2024-10-17 01:17:41 status unpacked libgcc-12-dev:amd64 12.2.0-14
2024-10-17 01:17:41 status half-configured libgcc-12-dev:amd64 12.2.0-14
2024-10-17 01:17:41 status installed libgcc-12-dev:amd64 12.2.0-14
2024-10-17 01:17:41 configure libgssapi-krb5-2:amd64 1.20.1-2+deb12u2 <none>
2024-10-17 01:17:41 status unpacked libgssapi-krb5-2:amd64 1.20.1-2+deb12u2
2024-10-17 01:17:41 status half-configured libgssapi-krb5-2:amd64 1.20.1-2+deb12u2
2024-10-17 01:17:41 status installed libgssapi-krb5-2:amd64 1.20.1-2+deb12u2
2024-10-17 01:17:41 configure pkg-config:amd64 1.8.1-1 <none>
2024-10-17 01:17:41 status unpacked pkg-config:amd64 1.8.1-1
2024-10-17 01:17:41 status half-configured pkg-config:amd64 1.8.1-1
2024-10-17 01:17:41 status installed pkg-config:amd64 1.8.1-1
2024-10-17 01:17:41 configure libgdbm-compat4:amd64 1.23-3 <none>
2024-10-17 01:17:41 status unpacked libgdbm-compat4:amd64 1.23-3
2024-10-17 01:17:41 status half-configured libgdbm-compat4:amd64 1.23-3
2024-10-17 01:17:41 status installed libgdbm-compat4:amd64 1.23-3
2024-10-17 01:17:41 configure cpp:amd64 4:12.2.0-3 <none>
2024-10-17 01:17:41 status unpacked cpp:amd64 4:12.2.0-3
2024-10-17 01:17:41 status half-configured cpp:amd64 4:12.2.0-3
2024-10-17 01:17:41 status installed cpp:amd64 4:12.2.0-3
2024-10-17 01:17:41 configure libcurl4:amd64 7.88.1-10+deb12u7 <none>
2024-10-17 01:17:41 status unpacked libcurl4:amd64 7.88.1-10+deb12u7
2024-10-17 01:17:41 status half-configured libcurl4:amd64 7.88.1-10+deb12u7
2024-10-17 01:17:41 status installed libcurl4:amd64 7.88.1-10+deb12u7
2024-10-17 01:17:41 configure curl:amd64 7.88.1-10+deb12u7 <none>
2024-10-17 01:17:41 status unpacked curl:amd64 7.88.1-10+deb12u7
2024-10-17 01:17:41 status half-configured curl:amd64 7.88.1-10+deb12u7
2024-10-17 01:17:41 status installed curl:amd64 7.88.1-10+deb12u7
2024-10-17 01:17:41 configure libperl5.36:amd64 5.36.0-7+deb12u1 <none>
2024-10-17 01:17:41 status unpacked libperl5.36:amd64 5.36.0-7+deb12u1
2024-10-17 01:17:41 status half-configured libperl5.36:amd64 5.36.0-7+deb12u1
2024-10-17 01:17:41 status installed libperl5.36:amd64 5.36.0-7+deb12u1
2024-10-17 01:17:41 configure binutils-x86-64-linux-gnu:amd64 2.40-2 <none>
2024-10-17 01:17:41 status unpacked binutils-x86-64-linux-gnu:amd64 2.40-2
2024-10-17 01:17:41 status half-configured binutils-x86-64-linux-gnu:amd64 2.40-2
2024-10-17 01:17:41 status installed binutils-x86-64-linux-gnu:amd64 2.40-2
2024-10-17 01:17:41 configure libtirpc3:amd64 1.3.3+ds-1 <none>
2024-10-17 01:17:41 status unpacked libtirpc3:amd64 1.3.3+ds-1
2024-10-17 01:17:41 status half-configured libtirpc3:amd64 1.3.3+ds-1
2024-10-17 01:17:41 status installed libtirpc3:amd64 1.3.3+ds-1
2024-10-17 01:17:41 configure binutils:amd64 2.40-2 <none>
2024-10-17 01:17:41 status unpacked binutils:amd64 2.40-2
2024-10-17 01:17:41 status half-configured binutils:amd64 2.40-2
2024-10-17 01:17:41 status installed binutils:amd64 2.40-2
2024-10-17 01:17:41 configure perl:amd64 5.36.0-7+deb12u1 <none>
2024-10-17 01:17:41 status unpacked perl:amd64 5.36.0-7+deb12u1
2024-10-17 01:17:41 status half-configured perl:amd64 5.36.0-7+deb12u1
2024-10-17 01:17:41 status installed perl:amd64 5.36.0-7+deb12u1
2024-10-17 01:17:41 configure libtirpc-dev:amd64 1.3.3+ds-1 <none>
2024-10-17 01:17:41 status unpacked libtirpc-dev:amd64 1.3.3+ds-1
2024-10-17 01:17:41 status half-configured libtirpc-dev:amd64 1.3.3+ds-1
2024-10-17 01:17:41 status installed libtirpc-dev:amd64 1.3.3+ds-1
2024-10-17 01:17:41 configure gcc-12:amd64 12.2.0-14 <none>
2024-10-17 01:17:41 status unpacked gcc-12:amd64 12.2.0-14
2024-10-17 01:17:41 status half-configured gcc-12:amd64 12.2.0-14
2024-10-17 01:17:41 status installed gcc-12:amd64 12.2.0-14
2024-10-17 01:17:41 configure libdpkg-perl:all 1.21.22 <none>
2024-10-17 01:17:41 status unpacked libdpkg-perl:all 1.21.22
2024-10-17 01:17:41 status half-configured libdpkg-perl:all 1.21.22
2024-10-17 01:17:41 status installed libdpkg-perl:all 1.21.22
2024-10-17 01:17:41 configure autoconf:all 2.71-3 <none>
2024-10-17 01:17:41 status unpacked autoconf:all 2.71-3
2024-10-17 01:17:41 status half-configured autoconf:all 2.71-3
2024-10-17 01:17:41 status installed autoconf:all 2.71-3
2024-10-17 01:17:41 configure libnsl2:amd64 1.3.0-2 <none>
2024-10-17 01:17:41 status unpacked libnsl2:amd64 1.3.0-2
2024-10-17 01:17:42 status half-configured libnsl2:amd64 1.3.0-2
2024-10-17 01:17:42 status installed libnsl2:amd64 1.3.0-2
2024-10-17 01:17:42 configure gcc:amd64 4:12.2.0-3 <none>
2024-10-17 01:17:42 status unpacked gcc:amd64 4:12.2.0-3
2024-10-17 01:17:42 status half-configured gcc:amd64 4:12.2.0-3
2024-10-17 01:17:42 status installed gcc:amd64 4:12.2.0-3
2024-10-17 01:17:42 configure dpkg-dev:all 1.21.22 <none>
2024-10-17 01:17:42 status unpacked dpkg-dev:all 1.21.22
2024-10-17 01:17:42 status half-configured dpkg-dev:all 1.21.22
2024-10-17 01:17:42 status installed dpkg-dev:all 1.21.22
2024-10-17 01:17:42 configure libnsl-dev:amd64 1.3.0-2 <none>
2024-10-17 01:17:42 status unpacked libnsl-dev:amd64 1.3.0-2
2024-10-17 01:17:42 status half-configured libnsl-dev:amd64 1.3.0-2
2024-10-17 01:17:42 status installed libnsl-dev:amd64 1.3.0-2
2024-10-17 01:17:42 configure libc6-dev:amd64 2.36-9+deb12u8 <none>
2024-10-17 01:17:42 status unpacked libc6-dev:amd64 2.36-9+deb12u8
2024-10-17 01:17:42 status half-configured libc6-dev:amd64 2.36-9+deb12u8
2024-10-17 01:17:42 status installed libc6-dev:amd64 2.36-9+deb12u8
2024-10-17 01:17:42 configure libstdc++-12-dev:amd64 12.2.0-14 <none>
2024-10-17 01:17:42 status unpacked libstdc++-12-dev:amd64 12.2.0-14
2024-10-17 01:17:42 status half-configured libstdc++-12-dev:amd64 12.2.0-14
2024-10-17 01:17:42 status installed libstdc++-12-dev:amd64 12.2.0-14
2024-10-17 01:17:42 configure g++-12:amd64 12.2.0-14 <none>
2024-10-17 01:17:42 status unpacked g++-12:amd64 12.2.0-14
2024-10-17 01:17:42 status half-configured g++-12:amd64 12.2.0-14
2024-10-17 01:17:42 status installed g++-12:amd64 12.2.0-14
2024-10-17 01:17:42 configure g++:amd64 4:12.2.0-3 <none>
2024-10-17 01:17:42 status unpacked g++:amd64 4:12.2.0-3
2024-10-17 01:17:42 status half-configured g++:amd64 4:12.2.0-3
2024-10-17 01:17:42 status installed g++:amd64 4:12.2.0-3
2024-10-17 01:17:42 trigproc libc-bin:amd64 2.36-9+deb12u8 <none>
2024-10-17 01:17:42 status half-configured libc-bin:amd64 2.36-9+deb12u8
2024-10-17 01:17:42 status installed libc-bin:amd64 2.36-9+deb12u8
2024-10-17 01:17:42 trigproc ca-certificates:all 20230311 <none>
2024-10-17 01:17:42 status half-configured ca-certificates:all 20230311
2024-10-17 01:17:42 status installed ca-certificates:all 20230311
2024-10-17 03:18:35 startup archives unpack
2024-10-17 03:18:35 install readline-common:all <none> 8.2-1.3
2024-10-17 03:18:35 status half-installed readline-common:all 8.2-1.3
2024-10-17 03:18:35 status unpacked readline-common:all 8.2-1.3
2024-10-17 03:18:35 install libassuan0:amd64 <none> 2.5.5-5
2024-10-17 03:18:35 status triggers-pending libc-bin:amd64 2.36-9+deb12u8
2024-10-17 03:18:35 status half-installed libassuan0:amd64 2.5.5-5
2024-10-17 03:18:35 status unpacked libassuan0:amd64 2.5.5-5
2024-10-17 03:18:36 install libreadline8:amd64 <none> 8.2-1.3
2024-10-17 03:18:36 status half-installed libreadline8:amd64 8.2-1.3
2024-10-17 03:18:36 status unpacked libreadline8:amd64 8.2-1.3
2024-10-17 03:18:36 install gpgconf:amd64 <none> 2.2.40-1.1
2024-10-17 03:18:36 status half-installed gpgconf:amd64 2.2.40-1.1
2024-10-17 03:18:36 status unpacked gpgconf:amd64 2.2.40-1.1
2024-10-17 03:18:36 install libksba8:amd64 <none> 1.6.3-2
2024-10-17 03:18:36 status half-installed libksba8:amd64 1.6.3-2
2024-10-17 03:18:36 status unpacked libksba8:amd64 1.6.3-2
2024-10-17 03:18:36 install libnpth0:amd64 <none> 1.6-3
2024-10-17 03:18:36 status half-installed libnpth0:amd64 1.6-3
2024-10-17 03:18:36 status unpacked libnpth0:amd64 1.6-3
2024-10-17 03:18:36 install dirmngr:amd64 <none> 2.2.40-1.1
2024-10-17 03:18:36 status half-installed dirmngr:amd64 2.2.40-1.1
2024-10-17 03:18:36 status unpacked dirmngr:amd64 2.2.40-1.1
2024-10-17 03:18:36 install gnupg-l10n:all <none> 2.2.40-1.1
2024-10-17 03:18:36 status half-installed gnupg-l10n:all 2.2.40-1.1
2024-10-17 03:18:36 status unpacked gnupg-l10n:all 2.2.40-1.1
2024-10-17 03:18:36 install gnupg-utils:amd64 <none> 2.2.40-1.1
2024-10-17 03:18:36 status half-installed gnupg-utils:amd64 2.2.40-1.1
2024-10-17 03:18:36 status unpacked gnupg-utils:amd64 2.2.40-1.1
2024-10-17 03:18:36 install libsqlite3-0:amd64 <none> 3.40.1-2
2024-10-17 03:18:36 status half-installed libsqlite3-0:amd64 3.40.1-2
2024-10-17 03:18:36 status unpacked libsqlite3-0:amd64 3.40.1-2
2024-10-17 03:18:36 install gpg:amd64 <none> 2.2.40-1.1
2024-10-17 03:18:36 status half-installed gpg:amd64 2.2.40-1.1
2024-10-17 03:18:36 status unpacked gpg:amd64 2.2.40-1.1
2024-10-17 03:18:36 install libncursesw6:amd64 <none> 6.4-4
2024-10-17 03:18:36 status half-installed libncursesw6:amd64 6.4-4
2024-10-17 03:18:36 status unpacked libncursesw6:amd64 6.4-4
2024-10-17 03:18:36 install pinentry-curses:amd64 <none> 1.2.1-1
2024-10-17 03:18:36 status half-installed pinentry-curses:amd64 1.2.1-1
2024-10-17 03:18:36 status unpacked pinentry-curses:amd64 1.2.1-1
2024-10-17 03:18:36 install gpg-agent:amd64 <none> 2.2.40-1.1
2024-10-17 03:18:36 status half-installed gpg-agent:amd64 2.2.40-1.1
2024-10-17 03:18:36 status unpacked gpg-agent:amd64 2.2.40-1.1
2024-10-17 03:18:36 install gpg-wks-client:amd64 <none> 2.2.40-1.1
2024-10-17 03:18:36 status half-installed gpg-wks-client:amd64 2.2.40-1.1
2024-10-17 03:18:36 status unpacked gpg-wks-client:amd64 2.2.40-1.1
2024-10-17 03:18:36 install gpg-wks-server:amd64 <none> 2.2.40-1.1
2024-10-17 03:18:36 status half-installed gpg-wks-server:amd64 2.2.40-1.1
2024-10-17 03:18:36 status unpacked gpg-wks-server:amd64 2.2.40-1.1
2024-10-17 03:18:36 install gpgsm:amd64 <none> 2.2.40-1.1
2024-10-17 03:18:36 status half-installed gpgsm:amd64 2.2.40-1.1
2024-10-17 03:18:36 status unpacked gpgsm:amd64 2.2.40-1.1
2024-10-17 03:18:36 install gnupg:all <none> 2.2.40-1.1
2024-10-17 03:18:36 status half-installed gnupg:all 2.2.40-1.1
2024-10-17 03:18:36 status unpacked gnupg:all 2.2.40-1.1
2024-10-17 03:18:36 startup packages configure
2024-10-17 03:18:36 configure libksba8:amd64 1.6.3-2 <none>
2024-10-17 03:18:36 status unpacked libksba8:amd64 1.6.3-2
2024-10-17 03:18:36 status half-configured libksba8:amd64 1.6.3-2
2024-10-17 03:18:36 status installed libksba8:amd64 1.6.3-2
2024-10-17 03:18:36 configure libsqlite3-0:amd64 3.40.1-2 <none>
2024-10-17 03:18:36 status unpacked libsqlite3-0:amd64 3.40.1-2
2024-10-17 03:18:36 status half-configured libsqlite3-0:amd64 3.40.1-2
2024-10-17 03:18:36 status installed libsqlite3-0:amd64 3.40.1-2
2024-10-17 03:18:36 configure libnpth0:amd64 1.6-3 <none>
2024-10-17 03:18:36 status unpacked libnpth0:amd64 1.6-3
2024-10-17 03:18:36 status half-configured libnpth0:amd64 1.6-3
2024-10-17 03:18:37 status installed libnpth0:amd64 1.6-3
2024-10-17 03:18:37 configure libassuan0:amd64 2.5.5-5 <none>
2024-10-17 03:18:37 status unpacked libassuan0:amd64 2.5.5-5
2024-10-17 03:18:37 status half-configured libassuan0:amd64 2.5.5-5
2024-10-17 03:18:37 status installed libassuan0:amd64 2.5.5-5
2024-10-17 03:18:37 configure gnupg-l10n:all 2.2.40-1.1 <none>
2024-10-17 03:18:37 status unpacked gnupg-l10n:all 2.2.40-1.1
2024-10-17 03:18:37 status half-configured gnupg-l10n:all 2.2.40-1.1
2024-10-17 03:18:37 status installed gnupg-l10n:all 2.2.40-1.1
2024-10-17 03:18:37 configure libncursesw6:amd64 6.4-4 <none>
2024-10-17 03:18:37 status unpacked libncursesw6:amd64 6.4-4
2024-10-17 03:18:37 status half-configured libncursesw6:amd64 6.4-4
2024-10-17 03:18:37 status installed libncursesw6:amd64 6.4-4
2024-10-17 03:18:37 configure readline-common:all 8.2-1.3 <none>
2024-10-17 03:18:37 status unpacked readline-common:all 8.2-1.3
2024-10-17 03:18:37 status half-configured readline-common:all 8.2-1.3
2024-10-17 03:18:37 status installed readline-common:all 8.2-1.3
2024-10-17 03:18:37 configure pinentry-curses:amd64 1.2.1-1 <none>
2024-10-17 03:18:37 status unpacked pinentry-curses:amd64 1.2.1-1
2024-10-17 03:18:37 status half-configured pinentry-curses:amd64 1.2.1-1
2024-10-17 03:18:37 status installed pinentry-curses:amd64 1.2.1-1
2024-10-17 03:18:37 configure libreadline8:amd64 8.2-1.3 <none>
2024-10-17 03:18:37 status unpacked libreadline8:amd64 8.2-1.3
2024-10-17 03:18:37 status half-configured libreadline8:amd64 8.2-1.3
2024-10-17 03:18:37 status installed libreadline8:amd64 8.2-1.3
2024-10-17 03:18:37 configure gpgconf:amd64 2.2.40-1.1 <none>
2024-10-17 03:18:37 status unpacked gpgconf:amd64 2.2.40-1.1
2024-10-17 03:18:37 status half-configured gpgconf:amd64 2.2.40-1.1
2024-10-17 03:18:37 status installed gpgconf:amd64 2.2.40-1.1
2024-10-17 03:18:37 configure gpg:amd64 2.2.40-1.1 <none>
2024-10-17 03:18:37 status unpacked gpg:amd64 2.2.40-1.1
2024-10-17 03:18:37 status half-configured gpg:amd64 2.2.40-1.1
2024-10-17 03:18:37 status installed gpg:amd64 2.2.40-1.1
2024-10-17 03:18:37 configure gnupg-utils:amd64 2.2.40-1.1 <none>
2024-10-17 03:18:37 status unpacked gnupg-utils:amd64 2.2.40-1.1
2024-10-17 03:18:37 status half-configured gnupg-utils:amd64 2.2.40-1.1
2024-10-17 03:18:37 status installed gnupg-utils:amd64 2.2.40-1.1
2024-10-17 03:18:37 configure gpg-agent:amd64 2.2.40-1.1 <none>
2024-10-17 03:18:37 status unpacked gpg-agent:amd64 2.2.40-1.1
2024-10-17 03:18:37 status half-configured gpg-agent:amd64 2.2.40-1.1
2024-10-17 03:18:37 status installed gpg-agent:amd64 2.2.40-1.1
2024-10-17 03:18:37 configure gpgsm:amd64 2.2.40-1.1 <none>
2024-10-17 03:18:37 status unpacked gpgsm:amd64 2.2.40-1.1
2024-10-17 03:18:37 status half-configured gpgsm:amd64 2.2.40-1.1
2024-10-17 03:18:37 status installed gpgsm:amd64 2.2.40-1.1
2024-10-17 03:18:37 configure dirmngr:amd64 2.2.40-1.1 <none>
2024-10-17 03:18:37 status unpacked dirmngr:amd64 2.2.40-1.1
2024-10-17 03:18:37 status half-configured dirmngr:amd64 2.2.40-1.1
2024-10-17 03:18:37 status installed dirmngr:amd64 2.2.40-1.1
2024-10-17 03:18:37 configure gpg-wks-server:amd64 2.2.40-1.1 <none>
2024-10-17 03:18:37 status unpacked gpg-wks-server:amd64 2.2.40-1.1
2024-10-17 03:18:37 status half-configured gpg-wks-server:amd64 2.2.40-1.1
2024-10-17 03:18:37 status installed gpg-wks-server:amd64 2.2.40-1.1
2024-10-17 03:18:37 configure gpg-wks-client:amd64 2.2.40-1.1 <none>
2024-10-17 03:18:37 status unpacked gpg-wks-client:amd64 2.2.40-1.1
2024-10-17 03:18:37 status half-configured gpg-wks-client:amd64 2.2.40-1.1
2024-10-17 03:18:37 status installed gpg-wks-client:amd64 2.2.40-1.1
2024-10-17 03:18:37 configure gnupg:all 2.2.40-1.1 <none>
2024-10-17 03:18:37 status unpacked gnupg:all 2.2.40-1.1
2024-10-17 03:18:37 status half-configured gnupg:all 2.2.40-1.1
2024-10-17 03:18:37 status installed gnupg:all 2.2.40-1.1
2024-10-17 03:18:37 trigproc libc-bin:amd64 2.36-9+deb12u8 <none>
2024-10-17 03:18:37 status half-configured libc-bin:amd64 2.36-9+deb12u8
2024-10-17 03:18:37 status installed libc-bin:amd64 2.36-9+deb12u8
2024-10-17 03:18:40 startup packages remove
2024-10-17 03:18:40 status installed gnupg:all 2.2.40-1.1
2024-10-17 03:18:40 remove gnupg:all 2.2.40-1.1 <none>
2024-10-17 03:18:40 status half-configured gnupg:all 2.2.40-1.1
2024-10-17 03:18:40 status half-installed gnupg:all 2.2.40-1.1
2024-10-17 03:18:40 status config-files gnupg:all 2.2.40-1.1
2024-10-17 03:18:40 status not-installed gnupg:all <none>
2024-10-17 03:18:40 status installed gpg-wks-client:amd64 2.2.40-1.1
2024-10-17 03:18:40 remove gpg-wks-client:amd64 2.2.40-1.1 <none>
2024-10-17 03:18:40 status half-configured gpg-wks-client:amd64 2.2.40-1.1
2024-10-17 03:18:40 status half-installed gpg-wks-client:amd64 2.2.40-1.1
2024-10-17 03:18:40 status config-files gpg-wks-client:amd64 2.2.40-1.1
2024-10-17 03:18:40 status not-installed gpg-wks-client:amd64 <none>
2024-10-17 03:18:40 status installed dirmngr:amd64 2.2.40-1.1
2024-10-17 03:18:40 remove dirmngr:amd64 2.2.40-1.1 <none>
2024-10-17 03:18:40 status half-configured dirmngr:amd64 2.2.40-1.1
2024-10-17 03:18:40 status half-installed dirmngr:amd64 2.2.40-1.1
2024-10-17 03:18:40 status config-files dirmngr:amd64 2.2.40-1.1
2024-10-17 03:18:40 status installed gnupg-l10n:all 2.2.40-1.1
2024-10-17 03:18:40 remove gnupg-l10n:all 2.2.40-1.1 <none>
2024-10-17 03:18:40 status half-configured gnupg-l10n:all 2.2.40-1.1
2024-10-17 03:18:40 status half-installed gnupg-l10n:all 2.2.40-1.1
2024-10-17 03:18:40 status config-files gnupg-l10n:all 2.2.40-1.1
2024-10-17 03:18:40 status not-installed gnupg-l10n:all <none>
2024-10-17 03:18:40 status installed gnupg-utils:amd64 2.2.40-1.1
2024-10-17 03:18:40 remove gnupg-utils:amd64 2.2.40-1.1 <none>
2024-10-17 03:18:40 status half-configured gnupg-utils:amd64 2.2.40-1.1
2024-10-17 03:18:40 status half-installed gnupg-utils:amd64 2.2.40-1.1
2024-10-17 03:18:40 status config-files gnupg-utils:amd64 2.2.40-1.1
2024-10-17 03:18:41 status not-installed gnupg-utils:amd64 <none>
2024-10-17 03:18:41 status installed gpg-wks-server:amd64 2.2.40-1.1
2024-10-17 03:18:41 remove gpg-wks-server:amd64 2.2.40-1.1 <none>
2024-10-17 03:18:41 status half-configured gpg-wks-server:amd64 2.2.40-1.1
2024-10-17 03:18:41 status half-installed gpg-wks-server:amd64 2.2.40-1.1
2024-10-17 03:18:41 status config-files gpg-wks-server:amd64 2.2.40-1.1
2024-10-17 03:18:41 status not-installed gpg-wks-server:amd64 <none>
2024-10-17 03:18:41 status installed gpg:amd64 2.2.40-1.1
2024-10-17 03:18:41 remove gpg:amd64 2.2.40-1.1 <none>
2024-10-17 03:18:41 status half-configured gpg:amd64 2.2.40-1.1
2024-10-17 03:18:41 status half-installed gpg:amd64 2.2.40-1.1
2024-10-17 03:18:41 status config-files gpg:amd64 2.2.40-1.1
2024-10-17 03:18:41 status not-installed gpg:amd64 <none>
2024-10-17 03:18:41 status installed gpg-agent:amd64 2.2.40-1.1
2024-10-17 03:18:41 remove gpg-agent:amd64 2.2.40-1.1 <none>
2024-10-17 03:18:41 status half-configured gpg-agent:amd64 2.2.40-1.1
2024-10-17 03:18:41 status half-installed gpg-agent:amd64 2.2.40-1.1
2024-10-17 03:18:41 status config-files gpg-agent:amd64 2.2.40-1.1
2024-10-17 03:18:41 status installed gpgsm:amd64 2.2.40-1.1
2024-10-17 03:18:41 remove gpgsm:amd64 2.2.40-1.1 <none>
2024-10-17 03:18:41 status half-configured gpgsm:amd64 2.2.40-1.1
2024-10-17 03:18:41 status half-installed gpgsm:amd64 2.2.40-1.1
2024-10-17 03:18:41 status config-files gpgsm:amd64 2.2.40-1.1
2024-10-17 03:18:41 status not-installed gpgsm:amd64 <none>
2024-10-17 03:18:41 status installed gpgconf:amd64 2.2.40-1.1
2024-10-17 03:18:41 remove gpgconf:amd64 2.2.40-1.1 <none>
2024-10-17 03:18:41 status half-configured gpgconf:amd64 2.2.40-1.1
2024-10-17 03:18:41 status half-installed gpgconf:amd64 2.2.40-1.1
2024-10-17 03:18:41 status config-files gpgconf:amd64 2.2.40-1.1
2024-10-17 03:18:41 status not-installed gpgconf:amd64 <none>
2024-10-17 03:18:41 status installed pinentry-curses:amd64 1.2.1-1
2024-10-17 03:18:41 remove pinentry-curses:amd64 1.2.1-1 <none>
2024-10-17 03:18:41 status half-configured pinentry-curses:amd64 1.2.1-1
2024-10-17 03:18:41 status half-installed pinentry-curses:amd64 1.2.1-1
2024-10-17 03:18:41 status config-files pinentry-curses:amd64 1.2.1-1
2024-10-17 03:18:41 status not-installed pinentry-curses:amd64 <none>
2024-10-17 03:18:41 status installed libassuan0:amd64 2.5.5-5
2024-10-17 03:18:41 remove libassuan0:amd64 2.5.5-5 <none>
2024-10-17 03:18:41 status triggers-pending libc-bin:amd64 2.36-9+deb12u8
2024-10-17 03:18:41 status half-configured libassuan0:amd64 2.5.5-5
2024-10-17 03:18:41 status half-installed libassuan0:amd64 2.5.5-5
2024-10-17 03:18:41 status config-files libassuan0:amd64 2.5.5-5
2024-10-17 03:18:41 status not-installed libassuan0:amd64 <none>
2024-10-17 03:18:41 status installed libksba8:amd64 1.6.3-2
2024-10-17 03:18:41 remove libksba8:amd64 1.6.3-2 <none>
2024-10-17 03:18:41 status half-configured libksba8:amd64 1.6.3-2
2024-10-17 03:18:41 status half-installed libksba8:amd64 1.6.3-2
2024-10-17 03:18:41 status config-files libksba8:amd64 1.6.3-2
2024-10-17 03:18:41 status not-installed libksba8:amd64 <none>
2024-10-17 03:18:41 status installed libncursesw6:amd64 6.4-4
2024-10-17 03:18:41 remove libncursesw6:amd64 6.4-4 <none>
2024-10-17 03:18:41 status half-configured libncursesw6:amd64 6.4-4
2024-10-17 03:18:41 status half-installed libncursesw6:amd64 6.4-4
2024-10-17 03:18:41 status config-files libncursesw6:amd64 6.4-4
2024-10-17 03:18:41 status not-installed libncursesw6:amd64 <none>
2024-10-17 03:18:41 status installed libnpth0:amd64 1.6-3
2024-10-17 03:18:41 remove libnpth0:amd64 1.6-3 <none>
2024-10-17 03:18:41 status half-configured libnpth0:amd64 1.6-3
2024-10-17 03:18:41 status half-installed libnpth0:amd64 1.6-3
2024-10-17 03:18:41 status config-files libnpth0:amd64 1.6-3
2024-10-17 03:18:41 status not-installed libnpth0:amd64 <none>
2024-10-17 03:18:41 status installed libreadline8:amd64 8.2-1.3
2024-10-17 03:18:41 remove libreadline8:amd64 8.2-1.3 <none>
2024-10-17 03:18:41 status half-configured libreadline8:amd64 8.2-1.3
2024-10-17 03:18:41 status half-installed libreadline8:amd64 8.2-1.3
2024-10-17 03:18:41 status config-files libreadline8:amd64 8.2-1.3
2024-10-17 03:18:41 status not-installed libreadline8:amd64 <none>
2024-10-17 03:18:41 status installed libsqlite3-0:amd64 3.40.1-2
2024-10-17 03:18:41 remove libsqlite3-0:amd64 3.40.1-2 <none>
2024-10-17 03:18:41 status half-configured libsqlite3-0:amd64 3.40.1-2
2024-10-17 03:18:41 status half-installed libsqlite3-0:amd64 3.40.1-2
2024-10-17 03:18:41 status config-files libsqlite3-0:amd64 3.40.1-2
2024-10-17 03:18:41 status not-installed libsqlite3-0:amd64 <none>
2024-10-17 03:18:41 status installed readline-common:all 8.2-1.3
2024-10-17 03:18:41 remove readline-common:all 8.2-1.3 <none>
2024-10-17 03:18:41 status half-configured readline-common:all 8.2-1.3
2024-10-17 03:18:41 status half-installed readline-common:all 8.2-1.3
2024-10-17 03:18:41 status config-files readline-common:all 8.2-1.3
2024-10-17 03:18:41 startup packages configure
2024-10-17 03:18:41 trigproc libc-bin:amd64 2.36-9+deb12u8 <none>
2024-10-17 03:18:41 status half-configured libc-bin:amd64 2.36-9+deb12u8
2024-10-17 03:18:41 status installed libc-bin:amd64 2.36-9+deb12u8
2024-10-17 03:18:41 startup packages purge
2024-10-17 03:18:41 purge gpg-agent:amd64 2.2.40-1.1 <none>
2024-10-17 03:18:41 status config-files gpg-agent:amd64 2.2.40-1.1
2024-10-17 03:18:41 status not-installed gpg-agent:amd64 <none>
2024-10-17 03:18:41 purge dirmngr:amd64 2.2.40-1.1 <none>
2024-10-17 03:18:41 status config-files dirmngr:amd64 2.2.40-1.1
2024-10-17 03:18:41 status not-installed dirmngr:amd64 <none>
2024-10-17 03:18:41 purge readline-common:all 8.2-1.3 <none>
2024-10-17 03:18:41 status config-files readline-common:all 8.2-1.3
2024-10-17 03:18:41 status not-installed readline-common:all <none>
2024-10-17 03:18:41 startup packages configure
2024-10-17 03:18:45 startup archives unpack
2024-10-17 03:18:45 install readline-common:all <none> 8.2-1.3
2024-10-17 03:18:45 status half-installed readline-common:all 8.2-1.3
2024-10-17 03:18:45 status unpacked readline-common:all 8.2-1.3
2024-10-17 03:18:45 install libicu72:amd64 <none> 72.1-3
2024-10-17 03:18:45 status triggers-pending libc-bin:amd64 2.36-9+deb12u8
2024-10-17 03:18:45 status half-installed libicu72:amd64 72.1-3
2024-10-17 03:18:46 status unpacked libicu72:amd64 72.1-3
2024-10-17 03:18:46 install icu-devtools:amd64 <none> 72.1-3
2024-10-17 03:18:46 status half-installed icu-devtools:amd64 72.1-3
2024-10-17 03:18:46 status unpacked icu-devtools:amd64 72.1-3
2024-10-17 03:18:46 install libargon2-1:amd64 <none> 0~20171227-0.3+deb12u1
2024-10-17 03:18:46 status half-installed libargon2-1:amd64 0~20171227-0.3+deb12u1
2024-10-17 03:18:46 status unpacked libargon2-1:amd64 0~20171227-0.3+deb12u1
2024-10-17 03:18:46 install libargon2-dev:amd64 <none> 0~20171227-0.3+deb12u1
2024-10-17 03:18:46 status half-installed libargon2-dev:amd64 0~20171227-0.3+deb12u1
2024-10-17 03:18:46 status unpacked libargon2-dev:amd64 0~20171227-0.3+deb12u1
2024-10-17 03:18:46 install libcurl4-openssl-dev:amd64 <none> 7.88.1-10+deb12u7
2024-10-17 03:18:46 status half-installed libcurl4-openssl-dev:amd64 7.88.1-10+deb12u7
2024-10-17 03:18:46 status unpacked libcurl4-openssl-dev:amd64 7.88.1-10+deb12u7
2024-10-17 03:18:46 install libicu-dev:amd64 <none> 72.1-3
2024-10-17 03:18:46 status half-installed libicu-dev:amd64 72.1-3
2024-10-17 03:18:47 status unpacked libicu-dev:amd64 72.1-3
2024-10-17 03:18:47 install libncurses6:amd64 <none> 6.4-4
2024-10-17 03:18:47 status half-installed libncurses6:amd64 6.4-4
2024-10-17 03:18:47 status unpacked libncurses6:amd64 6.4-4
2024-10-17 03:18:47 install libncursesw6:amd64 <none> 6.4-4
2024-10-17 03:18:47 status half-installed libncursesw6:amd64 6.4-4
2024-10-17 03:18:47 status unpacked libncursesw6:amd64 6.4-4
2024-10-17 03:18:47 install libncurses-dev:amd64 <none> 6.4-4
2024-10-17 03:18:47 status half-installed libncurses-dev:amd64 6.4-4
2024-10-17 03:18:47 status unpacked libncurses-dev:amd64 6.4-4
2024-10-17 03:18:47 install libonig5:amd64 <none> 6.9.8-1
2024-10-17 03:18:47 status half-installed libonig5:amd64 6.9.8-1
2024-10-17 03:18:47 status unpacked libonig5:amd64 6.9.8-1
2024-10-17 03:18:47 install libonig-dev:amd64 <none> 6.9.8-1
2024-10-17 03:18:47 status half-installed libonig-dev:amd64 6.9.8-1
2024-10-17 03:18:47 status unpacked libonig-dev:amd64 6.9.8-1
2024-10-17 03:18:47 install libreadline8:amd64 <none> 8.2-1.3
2024-10-17 03:18:47 status half-installed libreadline8:amd64 8.2-1.3
2024-10-17 03:18:47 status unpacked libreadline8:amd64 8.2-1.3
2024-10-17 03:18:47 install libreadline-dev:amd64 <none> 8.2-1.3
2024-10-17 03:18:47 status half-installed libreadline-dev:amd64 8.2-1.3
2024-10-17 03:18:47 status unpacked libreadline-dev:amd64 8.2-1.3
2024-10-17 03:18:47 install libsodium23:amd64 <none> 1.0.18-1
2024-10-17 03:18:47 status half-installed libsodium23:amd64 1.0.18-1
2024-10-17 03:18:47 status unpacked libsodium23:amd64 1.0.18-1
2024-10-17 03:18:47 install libsodium-dev:amd64 <none> 1.0.18-1
2024-10-17 03:18:47 status half-installed libsodium-dev:amd64 1.0.18-1
2024-10-17 03:18:47 status unpacked libsodium-dev:amd64 1.0.18-1
2024-10-17 03:18:47 install libsqlite3-0:amd64 <none> 3.40.1-2
2024-10-17 03:18:47 status half-installed libsqlite3-0:amd64 3.40.1-2
2024-10-17 03:18:47 status unpacked libsqlite3-0:amd64 3.40.1-2
2024-10-17 03:18:47 install libsqlite3-dev:amd64 <none> 3.40.1-2
2024-10-17 03:18:47 status half-installed libsqlite3-dev:amd64 3.40.1-2
2024-10-17 03:18:47 status unpacked libsqlite3-dev:amd64 3.40.1-2
2024-10-17 03:18:47 install libssl-dev:amd64 <none> 3.0.14-1~deb12u2
2024-10-17 03:18:47 status half-installed libssl-dev:amd64 3.0.14-1~deb12u2
2024-10-17 03:18:47 status unpacked libssl-dev:amd64 3.0.14-1~deb12u2
2024-10-17 03:18:47 install libxml2:amd64 <none> 2.9.14+dfsg-1.3~deb12u1
2024-10-17 03:18:47 status half-installed libxml2:amd64 2.9.14+dfsg-1.3~deb12u1
2024-10-17 03:18:48 status unpacked libxml2:amd64 2.9.14+dfsg-1.3~deb12u1
2024-10-17 03:18:48 install libxml2-dev:amd64 <none> 2.9.14+dfsg-1.3~deb12u1
2024-10-17 03:18:48 status half-installed libxml2-dev:amd64 2.9.14+dfsg-1.3~deb12u1
2024-10-17 03:18:48 status unpacked libxml2-dev:amd64 2.9.14+dfsg-1.3~deb12u1
2024-10-17 03:18:48 install zlib1g-dev:amd64 <none> 1:1.2.13.dfsg-1
2024-10-17 03:18:48 status half-installed zlib1g-dev:amd64 1:1.2.13.dfsg-1
2024-10-17 03:18:48 status unpacked zlib1g-dev:amd64 1:1.2.13.dfsg-1
2024-10-17 03:18:48 startup packages configure
2024-10-17 03:18:48 configure libsodium23:amd64 1.0.18-1 <none>
2024-10-17 03:18:48 status unpacked libsodium23:amd64 1.0.18-1
2024-10-17 03:18:48 status half-configured libsodium23:amd64 1.0.18-1
2024-10-17 03:18:48 status installed libsodium23:amd64 1.0.18-1
2024-10-17 03:18:48 configure libicu72:amd64 72.1-3 <none>
2024-10-17 03:18:48 status unpacked libicu72:amd64 72.1-3
2024-10-17 03:18:48 status half-configured libicu72:amd64 72.1-3
2024-10-17 03:18:48 status installed libicu72:amd64 72.1-3
2024-10-17 03:18:48 configure libargon2-1:amd64 0~20171227-0.3+deb12u1 <none>
2024-10-17 03:18:48 status unpacked libargon2-1:amd64 0~20171227-0.3+deb12u1
2024-10-17 03:18:48 status half-configured libargon2-1:amd64 0~20171227-0.3+deb12u1
2024-10-17 03:18:48 status installed libargon2-1:amd64 0~20171227-0.3+deb12u1
2024-10-17 03:18:48 configure libsqlite3-0:amd64 3.40.1-2 <none>
2024-10-17 03:18:48 status unpacked libsqlite3-0:amd64 3.40.1-2
2024-10-17 03:18:48 status half-configured libsqlite3-0:amd64 3.40.1-2
2024-10-17 03:18:48 status installed libsqlite3-0:amd64 3.40.1-2
2024-10-17 03:18:48 configure libsqlite3-dev:amd64 3.40.1-2 <none>
2024-10-17 03:18:48 status unpacked libsqlite3-dev:amd64 3.40.1-2
2024-10-17 03:18:48 status half-configured libsqlite3-dev:amd64 3.40.1-2
2024-10-17 03:18:48 status installed libsqlite3-dev:amd64 3.40.1-2
2024-10-17 03:18:48 configure libcurl4-openssl-dev:amd64 7.88.1-10+deb12u7 <none>
2024-10-17 03:18:48 status unpacked libcurl4-openssl-dev:amd64 7.88.1-10+deb12u7
2024-10-17 03:18:48 status half-configured libcurl4-openssl-dev:amd64 7.88.1-10+deb12u7
2024-10-17 03:18:48 status installed libcurl4-openssl-dev:amd64 7.88.1-10+deb12u7
2024-10-17 03:18:48 configure libncurses6:amd64 6.4-4 <none>
2024-10-17 03:18:48 status unpacked libncurses6:amd64 6.4-4
2024-10-17 03:18:48 status half-configured libncurses6:amd64 6.4-4
2024-10-17 03:18:48 status installed libncurses6:amd64 6.4-4
2024-10-17 03:18:48 configure libssl-dev:amd64 3.0.14-1~deb12u2 <none>
2024-10-17 03:18:48 status unpacked libssl-dev:amd64 3.0.14-1~deb12u2
2024-10-17 03:18:48 status half-configured libssl-dev:amd64 3.0.14-1~deb12u2
2024-10-17 03:18:48 status installed libssl-dev:amd64 3.0.14-1~deb12u2
2024-10-17 03:18:48 configure icu-devtools:amd64 72.1-3 <none>
2024-10-17 03:18:48 status unpacked icu-devtools:amd64 72.1-3
2024-10-17 03:18:48 status half-configured icu-devtools:amd64 72.1-3
2024-10-17 03:18:48 status installed icu-devtools:amd64 72.1-3
2024-10-17 03:18:48 configure libsodium-dev:amd64 1.0.18-1 <none>
2024-10-17 03:18:48 status unpacked libsodium-dev:amd64 1.0.18-1
2024-10-17 03:18:48 status half-configured libsodium-dev:amd64 1.0.18-1
2024-10-17 03:18:48 status installed libsodium-dev:amd64 1.0.18-1
2024-10-17 03:18:48 configure libncursesw6:amd64 6.4-4 <none>
2024-10-17 03:18:48 status unpacked libncursesw6:amd64 6.4-4
2024-10-17 03:18:48 status half-configured libncursesw6:amd64 6.4-4
2024-10-17 03:18:48 status installed libncursesw6:amd64 6.4-4
2024-10-17 03:18:48 configure zlib1g-dev:amd64 1:1.2.13.dfsg-1 <none>
2024-10-17 03:18:48 status unpacked zlib1g-dev:amd64 1:1.2.13.dfsg-1
2024-10-17 03:18:48 status half-configured zlib1g-dev:amd64 1:1.2.13.dfsg-1
2024-10-17 03:18:48 status installed zlib1g-dev:amd64 1:1.2.13.dfsg-1
2024-10-17 03:18:48 configure libargon2-dev:amd64 0~20171227-0.3+deb12u1 <none>
2024-10-17 03:18:48 status unpacked libargon2-dev:amd64 0~20171227-0.3+deb12u1
2024-10-17 03:18:48 status half-configured libargon2-dev:amd64 0~20171227-0.3+deb12u1
2024-10-17 03:18:48 status installed libargon2-dev:amd64 0~20171227-0.3+deb12u1
2024-10-17 03:18:48 configure readline-common:all 8.2-1.3 <none>
2024-10-17 03:18:48 status unpacked readline-common:all 8.2-1.3
2024-10-17 03:18:48 status half-configured readline-common:all 8.2-1.3
2024-10-17 03:18:48 status installed readline-common:all 8.2-1.3
2024-10-17 03:18:48 configure libicu-dev:amd64 72.1-3 <none>
2024-10-17 03:18:48 status unpacked libicu-dev:amd64 72.1-3
2024-10-17 03:18:48 status half-configured libicu-dev:amd64 72.1-3
2024-10-17 03:18:48 status installed libicu-dev:amd64 72.1-3
2024-10-17 03:18:48 configure libxml2:amd64 2.9.14+dfsg-1.3~deb12u1 <none>
2024-10-17 03:18:48 status unpacked libxml2:amd64 2.9.14+dfsg-1.3~deb12u1
2024-10-17 03:18:48 status half-configured libxml2:amd64 2.9.14+dfsg-1.3~deb12u1
2024-10-17 03:18:48 status installed libxml2:amd64 2.9.14+dfsg-1.3~deb12u1
2024-10-17 03:18:48 configure libonig5:amd64 6.9.8-1 <none>
2024-10-17 03:18:48 status unpacked libonig5:amd64 6.9.8-1
2024-10-17 03:18:48 status half-configured libonig5:amd64 6.9.8-1
2024-10-17 03:18:48 status installed libonig5:amd64 6.9.8-1
2024-10-17 03:18:48 configure libncurses-dev:amd64 6.4-4 <none>
2024-10-17 03:18:48 status unpacked libncurses-dev:amd64 6.4-4
2024-10-17 03:18:48 status half-configured libncurses-dev:amd64 6.4-4
2024-10-17 03:18:48 status installed libncurses-dev:amd64 6.4-4
2024-10-17 03:18:48 configure libonig-dev:amd64 6.9.8-1 <none>
2024-10-17 03:18:48 status unpacked libonig-dev:amd64 6.9.8-1
2024-10-17 03:18:48 status half-configured libonig-dev:amd64 6.9.8-1
2024-10-17 03:18:48 status installed libonig-dev:amd64 6.9.8-1
2024-10-17 03:18:48 configure libreadline8:amd64 8.2-1.3 <none>
2024-10-17 03:18:48 status unpacked libreadline8:amd64 8.2-1.3
2024-10-17 03:18:48 status half-configured libreadline8:amd64 8.2-1.3
2024-10-17 03:18:48 status installed libreadline8:amd64 8.2-1.3
2024-10-17 03:18:48 configure libreadline-dev:amd64 8.2-1.3 <none>
2024-10-17 03:18:48 status unpacked libreadline-dev:amd64 8.2-1.3
2024-10-17 03:18:48 status half-configured libreadline-dev:amd64 8.2-1.3
2024-10-17 03:18:48 status installed libreadline-dev:amd64 8.2-1.3
2024-10-17 03:18:48 configure libxml2-dev:amd64 2.9.14+dfsg-1.3~deb12u1 <none>
2024-10-17 03:18:48 status unpacked libxml2-dev:amd64 2.9.14+dfsg-1.3~deb12u1
2024-10-17 03:18:48 status half-configured libxml2-dev:amd64 2.9.14+dfsg-1.3~deb12u1
2024-10-17 03:18:48 status installed libxml2-dev:amd64 2.9.14+dfsg-1.3~deb12u1
2024-10-17 03:18:48 trigproc libc-bin:amd64 2.36-9+deb12u8 <none>
2024-10-17 03:18:48 status half-configured libc-bin:amd64 2.36-9+deb12u8
2024-10-17 03:18:48 status installed libc-bin:amd64 2.36-9+deb12u8
2024-10-17 03:22:12 startup packages remove
2024-10-17 03:22:12 status installed libxml2-dev:amd64 2.9.14+dfsg-1.3~deb12u1
2024-10-17 03:22:12 remove libxml2-dev:amd64 2.9.14+dfsg-1.3~deb12u1 <none>
2024-10-17 03:22:12 status half-configured libxml2-dev:amd64 2.9.14+dfsg-1.3~deb12u1
2024-10-17 03:22:12 status half-installed libxml2-dev:amd64 2.9.14+dfsg-1.3~deb12u1
2024-10-17 03:22:12 status config-files libxml2-dev:amd64 2.9.14+dfsg-1.3~deb12u1
2024-10-17 03:22:12 status not-installed libxml2-dev:amd64 <none>
2024-10-17 03:22:12 status installed libicu-dev:amd64 72.1-3
2024-10-17 03:22:12 remove libicu-dev:amd64 72.1-3 <none>
2024-10-17 03:22:12 status half-configured libicu-dev:amd64 72.1-3
2024-10-17 03:22:12 status half-installed libicu-dev:amd64 72.1-3
2024-10-17 03:22:13 status config-files libicu-dev:amd64 72.1-3
2024-10-17 03:22:13 status not-installed libicu-dev:amd64 <none>
2024-10-17 03:22:13 status installed icu-devtools:amd64 72.1-3
2024-10-17 03:22:13 remove icu-devtools:amd64 72.1-3 <none>
2024-10-17 03:22:13 status half-configured icu-devtools:amd64 72.1-3
2024-10-17 03:22:13 status half-installed icu-devtools:amd64 72.1-3
2024-10-17 03:22:13 status config-files icu-devtools:amd64 72.1-3
2024-10-17 03:22:13 status not-installed icu-devtools:amd64 <none>
2024-10-17 03:22:13 status installed libargon2-dev:amd64 0~20171227-0.3+deb12u1
2024-10-17 03:22:13 remove libargon2-dev:amd64 0~20171227-0.3+deb12u1 <none>
2024-10-17 03:22:13 status half-configured libargon2-dev:amd64 0~20171227-0.3+deb12u1
2024-10-17 03:22:13 status half-installed libargon2-dev:amd64 0~20171227-0.3+deb12u1
2024-10-17 03:22:13 status config-files libargon2-dev:amd64 0~20171227-0.3+deb12u1
2024-10-17 03:22:13 status not-installed libargon2-dev:amd64 <none>
2024-10-17 03:22:13 status installed libcurl4-openssl-dev:amd64 7.88.1-10+deb12u7
2024-10-17 03:22:13 remove libcurl4-openssl-dev:amd64 7.88.1-10+deb12u7 <none>
2024-10-17 03:22:13 status half-configured libcurl4-openssl-dev:amd64 7.88.1-10+deb12u7
2024-10-17 03:22:13 status half-installed libcurl4-openssl-dev:amd64 7.88.1-10+deb12u7
2024-10-17 03:22:13 status config-files libcurl4-openssl-dev:amd64 7.88.1-10+deb12u7
2024-10-17 03:22:13 status not-installed libcurl4-openssl-dev:amd64 <none>
2024-10-17 03:22:13 status installed libreadline-dev:amd64 8.2-1.3
2024-10-17 03:22:13 remove libreadline-dev:amd64 8.2-1.3 <none>
2024-10-17 03:22:13 status half-configured libreadline-dev:amd64 8.2-1.3
2024-10-17 03:22:13 status half-installed libreadline-dev:amd64 8.2-1.3
2024-10-17 03:22:13 status config-files libreadline-dev:amd64 8.2-1.3
2024-10-17 03:22:13 status not-installed libreadline-dev:amd64 <none>
2024-10-17 03:22:13 status installed libncurses-dev:amd64 6.4-4
2024-10-17 03:22:13 remove libncurses-dev:amd64 6.4-4 <none>
2024-10-17 03:22:13 status half-configured libncurses-dev:amd64 6.4-4
2024-10-17 03:22:13 status half-installed libncurses-dev:amd64 6.4-4
2024-10-17 03:22:13 status config-files libncurses-dev:amd64 6.4-4
2024-10-17 03:22:13 status not-installed libncurses-dev:amd64 <none>
2024-10-17 03:22:13 status installed libncurses6:amd64 6.4-4
2024-10-17 03:22:13 remove libncurses6:amd64 6.4-4 <none>
2024-10-17 03:22:13 status triggers-pending libc-bin:amd64 2.36-9+deb12u8
2024-10-17 03:22:13 status half-configured libncurses6:amd64 6.4-4
2024-10-17 03:22:13 status half-installed libncurses6:amd64 6.4-4
2024-10-17 03:22:13 status config-files libncurses6:amd64 6.4-4
2024-10-17 03:22:13 status not-installed libncurses6:amd64 <none>
2024-10-17 03:22:13 status installed libncursesw6:amd64 6.4-4
2024-10-17 03:22:13 remove libncursesw6:amd64 6.4-4 <none>
2024-10-17 03:22:13 status half-configured libncursesw6:amd64 6.4-4
2024-10-17 03:22:13 status half-installed libncursesw6:amd64 6.4-4
2024-10-17 03:22:13 status config-files libncursesw6:amd64 6.4-4
2024-10-17 03:22:13 status not-installed libncursesw6:amd64 <none>
2024-10-17 03:22:13 status installed libonig-dev:amd64 6.9.8-1
2024-10-17 03:22:13 remove libonig-dev:amd64 6.9.8-1 <none>
2024-10-17 03:22:13 status half-configured libonig-dev:amd64 6.9.8-1
2024-10-17 03:22:13 status half-installed libonig-dev:amd64 6.9.8-1
2024-10-17 03:22:13 status config-files libonig-dev:amd64 6.9.8-1
2024-10-17 03:22:13 status not-installed libonig-dev:amd64 <none>
2024-10-17 03:22:13 status installed libsodium-dev:amd64 1.0.18-1
2024-10-17 03:22:13 remove libsodium-dev:amd64 1.0.18-1 <none>
2024-10-17 03:22:13 status half-configured libsodium-dev:amd64 1.0.18-1
2024-10-17 03:22:13 status half-installed libsodium-dev:amd64 1.0.18-1
2024-10-17 03:22:13 status config-files libsodium-dev:amd64 1.0.18-1
2024-10-17 03:22:13 status not-installed libsodium-dev:amd64 <none>
2024-10-17 03:22:13 status installed libsqlite3-dev:amd64 3.40.1-2
2024-10-17 03:22:13 remove libsqlite3-dev:amd64 3.40.1-2 <none>
2024-10-17 03:22:13 status half-configured libsqlite3-dev:amd64 3.40.1-2
2024-10-17 03:22:13 status half-installed libsqlite3-dev:amd64 3.40.1-2
2024-10-17 03:22:13 status config-files libsqlite3-dev:amd64 3.40.1-2
2024-10-17 03:22:13 status not-installed libsqlite3-dev:amd64 <none>
2024-10-17 03:22:13 status installed libssl-dev:amd64 3.0.14-1~deb12u2
2024-10-17 03:22:13 remove libssl-dev:amd64 3.0.14-1~deb12u2 <none>
2024-10-17 03:22:13 status half-configured libssl-dev:amd64 3.0.14-1~deb12u2
2024-10-17 03:22:13 status half-installed libssl-dev:amd64 3.0.14-1~deb12u2
2024-10-17 03:22:13 status config-files libssl-dev:amd64 3.0.14-1~deb12u2
2024-10-17 03:22:13 status not-installed libssl-dev:amd64 <none>
2024-10-17 03:22:13 status installed zlib1g-dev:amd64 1:1.2.13.dfsg-1
2024-10-17 03:22:13 remove zlib1g-dev:amd64 1:1.2.13.dfsg-1 <none>
2024-10-17 03:22:13 status half-configured zlib1g-dev:amd64 1:1.2.13.dfsg-1
2024-10-17 03:22:13 status half-installed zlib1g-dev:amd64 1:1.2.13.dfsg-1
2024-10-17 03:22:13 status config-files zlib1g-dev:amd64 1:1.2.13.dfsg-1
2024-10-17 03:22:13 status not-installed zlib1g-dev:amd64 <none>
2024-10-17 03:22:13 startup packages configure
2024-10-17 03:22:13 trigproc libc-bin:amd64 2.36-9+deb12u8 <none>
2024-10-17 03:22:13 status half-configured libc-bin:amd64 2.36-9+deb12u8
2024-10-17 03:22:13 status installed libc-bin:amd64 2.36-9+deb12u8
2024-10-17 03:22:13 startup packages configure
2024-10-18 08:13:51 startup archives unpack
2024-10-18 08:13:52 install unzip:amd64 <none> 6.0-28
2024-10-18 08:13:52 status half-installed unzip:amd64 6.0-28
2024-10-18 08:13:52 status unpacked unzip:amd64 6.0-28
2024-10-18 08:13:52 install zip:amd64 <none> 3.0-13
2024-10-18 08:13:52 status half-installed zip:amd64 3.0-13
2024-10-18 08:13:52 status unpacked zip:amd64 3.0-13
2024-10-18 08:13:52 startup packages configure
2024-10-18 08:13:52 configure unzip:amd64 6.0-28 <none>
2024-10-18 08:13:52 status unpacked unzip:amd64 6.0-28
2024-10-18 08:13:52 status half-configured unzip:amd64 6.0-28
2024-10-18 08:13:52 status installed unzip:amd64 6.0-28
2024-10-18 08:13:52 configure zip:amd64 3.0-13 <none>
2024-10-18 08:13:52 status unpacked zip:amd64 3.0-13
2024-10-18 08:13:52 status half-configured zip:amd64 3.0-13
2024-10-18 08:13:52 status installed zip:amd64 3.0-13
2024-10-18 08:14:10 startup archives unpack
2024-10-18 08:14:10 install less:amd64 <none> 590-2.1~deb12u2
2024-10-18 08:14:10 status half-installed less:amd64 590-2.1~deb12u2
2024-10-18 08:14:10 status unpacked less:amd64 590-2.1~deb12u2
2024-10-18 08:14:10 install libbsd0:amd64 <none> 0.11.7-2
2024-10-18 08:14:10 status triggers-pending libc-bin:amd64 2.36-9+deb12u8
2024-10-18 08:14:10 status half-installed libbsd0:amd64 0.11.7-2
2024-10-18 08:14:10 status unpacked libbsd0:amd64 0.11.7-2
2024-10-18 08:14:10 install libedit2:amd64 <none> 3.1-20221030-2
2024-10-18 08:14:10 status half-installed libedit2:amd64 3.1-20221030-2
2024-10-18 08:14:10 status unpacked libedit2:amd64 3.1-20221030-2
2024-10-18 08:14:10 install libcbor0.8:amd64 <none> 0.8.0-2+b1
2024-10-18 08:14:10 status half-installed libcbor0.8:amd64 0.8.0-2+b1
2024-10-18 08:14:10 status unpacked libcbor0.8:amd64 0.8.0-2+b1
2024-10-18 08:14:10 install libfido2-1:amd64 <none> 1.12.0-2+b1
2024-10-18 08:14:10 status half-installed libfido2-1:amd64 1.12.0-2+b1
2024-10-18 08:14:10 status unpacked libfido2-1:amd64 1.12.0-2+b1
2024-10-18 08:14:10 install openssh-client:amd64 <none> 1:9.2p1-2+deb12u3
2024-10-18 08:14:10 status half-installed openssh-client:amd64 1:9.2p1-2+deb12u3
2024-10-18 08:14:10 status unpacked openssh-client:amd64 1:9.2p1-2+deb12u3
2024-10-18 08:14:10 install libcurl3-gnutls:amd64 <none> 7.88.1-10+deb12u7
2024-10-18 08:14:10 status half-installed libcurl3-gnutls:amd64 7.88.1-10+deb12u7
2024-10-18 08:14:11 status unpacked libcurl3-gnutls:amd64 7.88.1-10+deb12u7
2024-10-18 08:14:11 install libexpat1:amd64 <none> 2.5.0-1+deb12u1
2024-10-18 08:14:11 status half-installed libexpat1:amd64 2.5.0-1+deb12u1
2024-10-18 08:14:11 status unpacked libexpat1:amd64 2.5.0-1+deb12u1
2024-10-18 08:14:11 install liberror-perl:all <none> 0.17029-2
2024-10-18 08:14:11 status half-installed liberror-perl:all 0.17029-2
2024-10-18 08:14:11 status unpacked liberror-perl:all 0.17029-2
2024-10-18 08:14:11 install git-man:all <none> 1:2.39.5-0+deb12u1
2024-10-18 08:14:11 status half-installed git-man:all 1:2.39.5-0+deb12u1
2024-10-18 08:14:11 status unpacked git-man:all 1:2.39.5-0+deb12u1
2024-10-18 08:14:11 install git:amd64 <none> 1:2.39.5-0+deb12u1
2024-10-18 08:14:11 status half-installed git:amd64 1:2.39.5-0+deb12u1
2024-10-18 08:14:11 status unpacked git:amd64 1:2.39.5-0+deb12u1
2024-10-18 08:14:11 install libxau6:amd64 <none> 1:1.0.9-1
2024-10-18 08:14:11 status half-installed libxau6:amd64 1:1.0.9-1
2024-10-18 08:14:11 status unpacked libxau6:amd64 1:1.0.9-1
2024-10-18 08:14:11 install libxdmcp6:amd64 <none> 1:1.1.2-3
2024-10-18 08:14:11 status half-installed libxdmcp6:amd64 1:1.1.2-3
2024-10-18 08:14:11 status unpacked libxdmcp6:amd64 1:1.1.2-3
2024-10-18 08:14:11 install libxcb1:amd64 <none> 1.15-1
2024-10-18 08:14:11 status half-installed libxcb1:amd64 1.15-1
2024-10-18 08:14:11 status unpacked libxcb1:amd64 1.15-1
2024-10-18 08:14:12 install libx11-data:all <none> 2:1.8.4-2+deb12u2
2024-10-18 08:14:12 status half-installed libx11-data:all 2:1.8.4-2+deb12u2
2024-10-18 08:14:12 status unpacked libx11-data:all 2:1.8.4-2+deb12u2
2024-10-18 08:14:12 install libx11-6:amd64 <none> 2:1.8.4-2+deb12u2
2024-10-18 08:14:12 status half-installed libx11-6:amd64 2:1.8.4-2+deb12u2
2024-10-18 08:14:12 status unpacked libx11-6:amd64 2:1.8.4-2+deb12u2
2024-10-18 08:14:12 install libxext6:amd64 <none> 2:1.3.4-1+b1
2024-10-18 08:14:12 status half-installed libxext6:amd64 2:1.3.4-1+b1
2024-10-18 08:14:12 status unpacked libxext6:amd64 2:1.3.4-1+b1
2024-10-18 08:14:12 install libxmuu1:amd64 <none> 2:1.1.3-3
2024-10-18 08:14:12 status half-installed libxmuu1:amd64 2:1.1.3-3
2024-10-18 08:14:12 status unpacked libxmuu1:amd64 2:1.1.3-3
2024-10-18 08:14:12 install xauth:amd64 <none> 1:1.1.2-1
2024-10-18 08:14:12 status half-installed xauth:amd64 1:1.1.2-1
2024-10-18 08:14:12 status unpacked xauth:amd64 1:1.1.2-1
2024-10-18 08:14:12 startup packages configure
2024-10-18 08:14:12 configure libexpat1:amd64 2.5.0-1+deb12u1 <none>
2024-10-18 08:14:12 status unpacked libexpat1:amd64 2.5.0-1+deb12u1
2024-10-18 08:14:12 status half-configured libexpat1:amd64 2.5.0-1+deb12u1
2024-10-18 08:14:12 status installed libexpat1:amd64 2.5.0-1+deb12u1
2024-10-18 08:14:12 configure libxau6:amd64 1:1.0.9-1 <none>
2024-10-18 08:14:12 status unpacked libxau6:amd64 1:1.0.9-1
2024-10-18 08:14:12 status half-configured libxau6:amd64 1:1.0.9-1
2024-10-18 08:14:12 status installed libxau6:amd64 1:1.0.9-1
2024-10-18 08:14:12 configure libcbor0.8:amd64 0.8.0-2+b1 <none>
2024-10-18 08:14:12 status unpacked libcbor0.8:amd64 0.8.0-2+b1
2024-10-18 08:14:12 status half-configured libcbor0.8:amd64 0.8.0-2+b1
2024-10-18 08:14:12 status installed libcbor0.8:amd64 0.8.0-2+b1
2024-10-18 08:14:12 configure less:amd64 590-2.1~deb12u2 <none>
2024-10-18 08:14:12 status unpacked less:amd64 590-2.1~deb12u2
2024-10-18 08:14:12 status half-configured less:amd64 590-2.1~deb12u2
2024-10-18 08:14:12 status installed less:amd64 590-2.1~deb12u2
2024-10-18 08:14:12 configure libcurl3-gnutls:amd64 7.88.1-10+deb12u7 <none>
2024-10-18 08:14:12 status unpacked libcurl3-gnutls:amd64 7.88.1-10+deb12u7
2024-10-18 08:14:12 status half-configured libcurl3-gnutls:amd64 7.88.1-10+deb12u7
2024-10-18 08:14:12 status installed libcurl3-gnutls:amd64 7.88.1-10+deb12u7
2024-10-18 08:14:12 configure liberror-perl:all 0.17029-2 <none>
2024-10-18 08:14:12 status unpacked liberror-perl:all 0.17029-2
2024-10-18 08:14:12 status half-configured liberror-perl:all 0.17029-2
2024-10-18 08:14:12 status installed liberror-perl:all 0.17029-2
2024-10-18 08:14:12 configure libx11-data:all 2:1.8.4-2+deb12u2 <none>
2024-10-18 08:14:12 status unpacked libx11-data:all 2:1.8.4-2+deb12u2
2024-10-18 08:14:12 status half-configured libx11-data:all 2:1.8.4-2+deb12u2
2024-10-18 08:14:12 status installed libx11-data:all 2:1.8.4-2+deb12u2
2024-10-18 08:14:12 configure git-man:all 1:2.39.5-0+deb12u1 <none>
2024-10-18 08:14:12 status unpacked git-man:all 1:2.39.5-0+deb12u1
2024-10-18 08:14:12 status half-configured git-man:all 1:2.39.5-0+deb12u1
2024-10-18 08:14:12 status installed git-man:all 1:2.39.5-0+deb12u1
2024-10-18 08:14:12 configure libfido2-1:amd64 1.12.0-2+b1 <none>
2024-10-18 08:14:12 status unpacked libfido2-1:amd64 1.12.0-2+b1
2024-10-18 08:14:12 status half-configured libfido2-1:amd64 1.12.0-2+b1
2024-10-18 08:14:12 status installed libfido2-1:amd64 1.12.0-2+b1
2024-10-18 08:14:12 configure libbsd0:amd64 0.11.7-2 <none>
2024-10-18 08:14:12 status unpacked libbsd0:amd64 0.11.7-2
2024-10-18 08:14:12 status half-configured libbsd0:amd64 0.11.7-2
2024-10-18 08:14:12 status installed libbsd0:amd64 0.11.7-2
2024-10-18 08:14:12 configure libxdmcp6:amd64 1:1.1.2-3 <none>
2024-10-18 08:14:12 status unpacked libxdmcp6:amd64 1:1.1.2-3
2024-10-18 08:14:12 status half-configured libxdmcp6:amd64 1:1.1.2-3
2024-10-18 08:14:12 status installed libxdmcp6:amd64 1:1.1.2-3
2024-10-18 08:14:12 configure libxcb1:amd64 1.15-1 <none>
2024-10-18 08:14:12 status unpacked libxcb1:amd64 1.15-1
2024-10-18 08:14:12 status half-configured libxcb1:amd64 1.15-1
2024-10-18 08:14:12 status installed libxcb1:amd64 1.15-1
2024-10-18 08:14:12 configure libedit2:amd64 3.1-20221030-2 <none>
2024-10-18 08:14:12 status unpacked libedit2:amd64 3.1-20221030-2
2024-10-18 08:14:12 status half-configured libedit2:amd64 3.1-20221030-2
2024-10-18 08:14:12 status installed libedit2:amd64 3.1-20221030-2
2024-10-18 08:14:12 configure git:amd64 1:2.39.5-0+deb12u1 <none>
2024-10-18 08:14:12 status unpacked git:amd64 1:2.39.5-0+deb12u1
2024-10-18 08:14:12 status half-configured git:amd64 1:2.39.5-0+deb12u1
2024-10-18 08:14:12 status installed git:amd64 1:2.39.5-0+deb12u1
2024-10-18 08:14:12 configure libx11-6:amd64 2:1.8.4-2+deb12u2 <none>
2024-10-18 08:14:12 status unpacked libx11-6:amd64 2:1.8.4-2+deb12u2
2024-10-18 08:14:12 status half-configured libx11-6:amd64 2:1.8.4-2+deb12u2
2024-10-18 08:14:12 status installed libx11-6:amd64 2:1.8.4-2+deb12u2
2024-10-18 08:14:12 configure libxmuu1:amd64 2:1.1.3-3 <none>
2024-10-18 08:14:12 status unpacked libxmuu1:amd64 2:1.1.3-3
2024-10-18 08:14:12 status half-configured libxmuu1:amd64 2:1.1.3-3
2024-10-18 08:14:12 status installed libxmuu1:amd64 2:1.1.3-3
2024-10-18 08:14:12 configure openssh-client:amd64 1:9.2p1-2+deb12u3 <none>
2024-10-18 08:14:12 status unpacked openssh-client:amd64 1:9.2p1-2+deb12u3
2024-10-18 08:14:12 status half-configured openssh-client:amd64 1:9.2p1-2+deb12u3
2024-10-18 08:14:13 status installed openssh-client:amd64 1:9.2p1-2+deb12u3
2024-10-18 08:14:13 configure libxext6:amd64 2:1.3.4-1+b1 <none>
2024-10-18 08:14:13 status unpacked libxext6:amd64 2:1.3.4-1+b1
2024-10-18 08:14:13 status half-configured libxext6:amd64 2:1.3.4-1+b1
2024-10-18 08:14:13 status installed libxext6:amd64 2:1.3.4-1+b1
2024-10-18 08:14:13 configure xauth:amd64 1:1.1.2-1 <none>
2024-10-18 08:14:13 status unpacked xauth:amd64 1:1.1.2-1
2024-10-18 08:14:13 status half-configured xauth:amd64 1:1.1.2-1
2024-10-18 08:14:13 status installed xauth:amd64 1:1.1.2-1
2024-10-18 08:14:13 trigproc libc-bin:amd64 2.36-9+deb12u8 <none>
2024-10-18 08:14:13 status half-configured libc-bin:amd64 2.36-9+deb12u8
2024-10-18 08:14:13 status installed libc-bin:amd64 2.36-9+deb12u8
2024-10-18 08:32:03 startup archives unpack
2024-10-18 08:32:03 install libncursesw6:amd64 <none> 6.4-4
2024-10-18 08:32:03 status triggers-pending libc-bin:amd64 2.36-9+deb12u8
2024-10-18 08:32:03 status half-installed libncursesw6:amd64 6.4-4
2024-10-18 08:32:03 status unpacked libncursesw6:amd64 6.4-4
2024-10-18 08:32:03 install nano:amd64 <none> 7.2-1+deb12u1
2024-10-18 08:32:03 status half-installed nano:amd64 7.2-1+deb12u1
2024-10-18 08:32:03 status unpacked nano:amd64 7.2-1+deb12u1
2024-10-18 08:32:04 install libgpm2:amd64 <none> 1.20.7-10+b1
2024-10-18 08:32:04 status half-installed libgpm2:amd64 1.20.7-10+b1
2024-10-18 08:32:04 status unpacked libgpm2:amd64 1.20.7-10+b1
2024-10-18 08:32:04 startup packages configure
2024-10-18 08:32:04 configure libgpm2:amd64 1.20.7-10+b1 <none>
2024-10-18 08:32:04 status unpacked libgpm2:amd64 1.20.7-10+b1
2024-10-18 08:32:04 status half-configured libgpm2:amd64 1.20.7-10+b1
2024-10-18 08:32:04 status installed libgpm2:amd64 1.20.7-10+b1
2024-10-18 08:32:04 configure libncursesw6:amd64 6.4-4 <none>
2024-10-18 08:32:04 status unpacked libncursesw6:amd64 6.4-4
2024-10-18 08:32:04 status half-configured libncursesw6:amd64 6.4-4
2024-10-18 08:32:04 status installed libncursesw6:amd64 6.4-4
2024-10-18 08:32:04 configure nano:amd64 7.2-1+deb12u1 <none>
2024-10-18 08:32:04 status unpacked nano:amd64 7.2-1+deb12u1
2024-10-18 08:32:04 status half-configured nano:amd64 7.2-1+deb12u1
2024-10-18 08:32:04 status installed nano:amd64 7.2-1+deb12u1
2024-10-18 08:32:04 trigproc libc-bin:amd64 2.36-9+deb12u8 <none>
2024-10-18 08:32:04 status half-configured libc-bin:amd64 2.36-9+deb12u8
2024-10-18 08:32:04 status installed libc-bin:amd64 2.36-9+deb12u8
